Watching for file changes with StatReloader
[30/Apr/2020 07:10:23] "GET /api/stores/8 HTTP/1.1" 200 18041
[30/Apr/2020 07:11:41] "POST /api/recommend_by_current_location HTTP/1.1" 200 4919
[30/Apr/2020 07:11:41] "POST /api/recommend_by_current_location HTTP/1.1" 200 4919
[30/Apr/2020 07:11:42] "OPTIONS /api/recommend_by_current_location HTTP/1.1" 200 0
[30/Apr/2020 07:11:42] "POST /api/recommend_by_current_location HTTP/1.1" 200 2
[30/Apr/2020 07:11:42] "POST /api/recommend_by_current_location HTTP/1.1" 200 4919
[30/Apr/2020 07:11:46] "GET /api/get_store_reviews_by_store_id/221 HTTP/1.1" 200 6393
[30/Apr/2020 07:11:46] "OPTIONS /api/stores/221 HTTP/1.1" 200 0
Unauthorized: /api/stores/221
[30/Apr/2020 07:11:46] "GET /api/stores/221 HTTP/1.1" 401 38
[30/Apr/2020 07:11:48] "GET /api/recommend_by_store_id/221 HTTP/1.1" 200 10905
[30/Apr/2020 07:12:17] "GET /api/stores?name=&page=1&append=false HTTP/1.1" 200 5108
[30/Apr/2020 07:12:25] "OPTIONS /api/search_store HTTP/1.1" 200 0
[30/Apr/2020 07:12:31] "POST /api/search_store HTTP/1.1" 200 21390
[30/Apr/2020 07:12:57] "POST /api/recommend_by_current_location HTTP/1.1" 200 4919
[30/Apr/2020 07:12:57] "POST /api/recommend_by_current_location HTTP/1.1" 200 2
[30/Apr/2020 07:12:57] "POST /api/recommend_by_current_location HTTP/1.1" 200 4919
Unauthorized: /api/stores/221
[30/Apr/2020 07:13:00] "GET /api/stores/221 HTTP/1.1" 401 38
[30/Apr/2020 07:13:00] "GET /api/get_store_reviews_by_store_id/221 HTTP/1.1" 200 6393
[30/Apr/2020 07:13:02] "GET /api/recommend_by_store_id/221 HTTP/1.1" 200 10905
----------------------------------------
Exception happened during processing of request from ('49.142.188.47', 6032)
Traceback (most recent call last):
  File "/usr/lib/python3.6/socketserver.py", line 654, in process_request_thread
    self.finish_request(request, client_address)
  File "/usr/lib/python3.6/socketserver.py", line 364, in finish_request
    self.RequestHandlerClass(request, client_address, self)
  File "/usr/lib/python3.6/socketserver.py", line 724, in __init__
    self.handle()
  File "/usr/local/lib/python3.6/dist-packages/django/core/servers/basehttp.py", line 171, in handle
    self.handle_one_request()
  File "/usr/local/lib/python3.6/dist-packages/django/core/servers/basehttp.py", line 179, in handle_one_request
    self.raw_requestline = self.rfile.readline(65537)
  File "/usr/lib/python3.6/socket.py", line 586, in readinto
    return self._sock.recv_into(b)
  File "/usr/lib/python3.6/ssl.py", line 1012, in recv_into
    return self.read(nbytes, buffer)
  File "/usr/lib/python3.6/ssl.py", line 874, in read
    return self._sslobj.read(len, buffer)
  File "/usr/lib/python3.6/ssl.py", line 631, in read
    v = self._sslobj.read(len, buffer)
ConnectionResetError: [Errno 104] Connection reset by peer
----------------------------------------
----------------------------------------
Exception happened during processing of request from ('49.142.188.47', 32514)
----------------------------------------
Exception happened during processing of request from ('49.142.188.47', 51626)
Traceback (most recent call last):
  File "/usr/lib/python3.6/socketserver.py", line 654, in process_request_thread
    self.finish_request(request, client_address)
  File "/usr/lib/python3.6/socketserver.py", line 364, in finish_request
    self.RequestHandlerClass(request, client_address, self)
  File "/usr/lib/python3.6/socketserver.py", line 724, in __init__
    self.handle()
  File "/usr/local/lib/python3.6/dist-packages/django/core/servers/basehttp.py", line 171, in handle
    self.handle_one_request()
  File "/usr/local/lib/python3.6/dist-packages/django/core/servers/basehttp.py", line 179, in handle_one_request
    self.raw_requestline = self.rfile.readline(65537)
  File "/usr/lib/python3.6/socket.py", line 586, in readinto
    return self._sock.recv_into(b)
  File "/usr/lib/python3.6/ssl.py", line 1012, in recv_into
    return self.read(nbytes, buffer)
  File "/usr/lib/python3.6/ssl.py", line 874, in read
    return self._sslobj.read(len, buffer)
  File "/usr/lib/python3.6/ssl.py", line 631, in read
    v = self._sslobj.read(len, buffer)
ConnectionResetError: [Errno 104] Connection reset by peer
----------------------------------------
Traceback (most recent call last):
  File "/usr/lib/python3.6/socketserver.py", line 654, in process_request_thread
    self.finish_request(request, client_address)
  File "/usr/lib/python3.6/socketserver.py", line 364, in finish_request
    self.RequestHandlerClass(request, client_address, self)
  File "/usr/lib/python3.6/socketserver.py", line 724, in __init__
    self.handle()
  File "/usr/local/lib/python3.6/dist-packages/django/core/servers/basehttp.py", line 171, in handle
    self.handle_one_request()
  File "/usr/local/lib/python3.6/dist-packages/django/core/servers/basehttp.py", line 179, in handle_one_request
    self.raw_requestline = self.rfile.readline(65537)
  File "/usr/lib/python3.6/socket.py", line 586, in readinto
    return self._sock.recv_into(b)
  File "/usr/lib/python3.6/ssl.py", line 1012, in recv_into
    return self.read(nbytes, buffer)
  File "/usr/lib/python3.6/ssl.py", line 874, in read
    return self._sslobj.read(len, buffer)
  File "/usr/lib/python3.6/ssl.py", line 631, in read
    v = self._sslobj.read(len, buffer)
ConnectionResetError: [Errno 104] Connection reset by peer
----------------------------------------
----------------------------------------
Exception happened during processing of request from ('49.142.188.47', 51605)
Traceback (most recent call last):
  File "/usr/lib/python3.6/socketserver.py", line 654, in process_request_thread
    self.finish_request(request, client_address)
  File "/usr/lib/python3.6/socketserver.py", line 364, in finish_request
    self.RequestHandlerClass(request, client_address, self)
  File "/usr/lib/python3.6/socketserver.py", line 724, in __init__
    self.handle()
  File "/usr/local/lib/python3.6/dist-packages/django/core/servers/basehttp.py", line 171, in handle
    self.handle_one_request()
  File "/usr/local/lib/python3.6/dist-packages/django/core/servers/basehttp.py", line 179, in handle_one_request
    self.raw_requestline = self.rfile.readline(65537)
  File "/usr/lib/python3.6/socket.py", line 586, in readinto
    return self._sock.recv_into(b)
  File "/usr/lib/python3.6/ssl.py", line 1012, in recv_into
    return self.read(nbytes, buffer)
  File "/usr/lib/python3.6/ssl.py", line 874, in read
    return self._sslobj.read(len, buffer)
  File "/usr/lib/python3.6/ssl.py", line 631, in read
    v = self._sslobj.read(len, buffer)
ConnectionResetError: [Errno 104] Connection reset by peer
----------------------------------------
[30/Apr/2020 07:54:39] "POST /api/recommend_by_current_location HTTP/1.1" 200 4919
[30/Apr/2020 07:58:34] "POST /api/recommend_by_current_location HTTP/1.1" 200 4919
[30/Apr/2020 08:02:01] "POST /api/recommend_by_current_location HTTP/1.1" 200 4919
[30/Apr/2020 08:02:08] "POST /api/recommend_by_current_location HTTP/1.1" 200 4919
[30/Apr/2020 08:02:19] "POST /api/recommend_by_current_location HTTP/1.1" 200 4919
[30/Apr/2020 08:02:26] "OPTIONS /api/stores/118037 HTTP/1.1" 200 0
[30/Apr/2020 08:02:26] "GET /api/get_store_reviews_by_store_id/118037 HTTP/1.1" 200 6994
Unauthorized: /api/stores/118037
[30/Apr/2020 08:02:26] "GET /api/stores/118037 HTTP/1.1" 401 38
[30/Apr/2020 08:02:28] "GET /api/recommend_by_store_id/118037 HTTP/1.1" 200 8717
[30/Apr/2020 08:02:36] "POST /api/recommend_by_current_location HTTP/1.1" 200 4919
----------------------------------------
Exception happened during processing of request from ('222.234.232.113', 59917)
----------------------------------------
Exception happened during processing of request from ('222.234.232.113', 59905)
Traceback (most recent call last):
  File "/usr/lib/python3.6/socketserver.py", line 654, in process_request_thread
    self.finish_request(request, client_address)
  File "/usr/lib/python3.6/socketserver.py", line 364, in finish_request
    self.RequestHandlerClass(request, client_address, self)
  File "/usr/lib/python3.6/socketserver.py", line 724, in __init__
    self.handle()
  File "/usr/local/lib/python3.6/dist-packages/django/core/servers/basehttp.py", line 171, in handle
    self.handle_one_request()
  File "/usr/local/lib/python3.6/dist-packages/django/core/servers/basehttp.py", line 179, in handle_one_request
    self.raw_requestline = self.rfile.readline(65537)
  File "/usr/lib/python3.6/socket.py", line 586, in readinto
    return self._sock.recv_into(b)
  File "/usr/lib/python3.6/ssl.py", line 1012, in recv_into
    return self.read(nbytes, buffer)
  File "/usr/lib/python3.6/ssl.py", line 874, in read
    return self._sslobj.read(len, buffer)
  File "/usr/lib/python3.6/ssl.py", line 631, in read
    v = self._sslobj.read(len, buffer)
ConnectionResetError: [Errno 104] Connection reset by peer
----------------------------------------
Traceback (most recent call last):
  File "/usr/lib/python3.6/socketserver.py", line 654, in process_request_thread
    self.finish_request(request, client_address)
  File "/usr/lib/python3.6/socketserver.py", line 364, in finish_request
    self.RequestHandlerClass(request, client_address, self)
  File "/usr/lib/python3.6/socketserver.py", line 724, in __init__
    self.handle()
  File "/usr/local/lib/python3.6/dist-packages/django/core/servers/basehttp.py", line 171, in handle
    self.handle_one_request()
  File "/usr/local/lib/python3.6/dist-packages/django/core/servers/basehttp.py", line 179, in handle_one_request
    self.raw_requestline = self.rfile.readline(65537)
  File "/usr/lib/python3.6/socket.py", line 586, in readinto
    return self._sock.recv_into(b)
  File "/usr/lib/python3.6/ssl.py", line 1012, in recv_into
    return self.read(nbytes, buffer)
  File "/usr/lib/python3.6/ssl.py", line 874, in read
    return self._sslobj.read(len, buffer)
  File "/usr/lib/python3.6/ssl.py", line 631, in read
    v = self._sslobj.read(len, buffer)
ConnectionResetError: [Errno 104] Connection reset by peer
----------------------------------------
----------------------------------------
Exception happened during processing of request from ('222.234.232.113', 59916)
Traceback (most recent call last):
  File "/usr/lib/python3.6/socketserver.py", line 654, in process_request_thread
    self.finish_request(request, client_address)
  File "/usr/lib/python3.6/socketserver.py", line 364, in finish_request
    self.RequestHandlerClass(request, client_address, self)
  File "/usr/lib/python3.6/socketserver.py", line 724, in __init__
    self.handle()
  File "/usr/local/lib/python3.6/dist-packages/django/core/servers/basehttp.py", line 171, in handle
    self.handle_one_request()
  File "/usr/local/lib/python3.6/dist-packages/django/core/servers/basehttp.py", line 179, in handle_one_request
    self.raw_requestline = self.rfile.readline(65537)
  File "/usr/lib/python3.6/socket.py", line 586, in readinto
    return self._sock.recv_into(b)
  File "/usr/lib/python3.6/ssl.py", line 1012, in recv_into
    return self.read(nbytes, buffer)
  File "/usr/lib/python3.6/ssl.py", line 874, in read
    return self._sslobj.read(len, buffer)
  File "/usr/lib/python3.6/ssl.py", line 631, in read
    v = self._sslobj.read(len, buffer)
ConnectionResetError: [Errno 104] Connection reset by peer
----------------------------------------
[30/Apr/2020 08:33:36] "GET /api/stores?name=%E2%80%98&page=1&append=false HTTP/1.1" 200 52
[30/Apr/2020 08:33:40] "GET /api/stores?name=%E2%80%98%E2%80%94&page=1&append=false HTTP/1.1" 200 52
[30/Apr/2020 08:33:41] "GET /api/stores?name=%E2%80%98%E2%80%94&page=1&append=false HTTP/1.1" 200 52
[30/Apr/2020 08:33:42] "GET /api/stores?name=%E2%80%98%E2%80%94&page=1&append=false HTTP/1.1" 200 52
[30/Apr/2020 08:33:43] "GET /api/stores?name=%E2%80%98%E2%80%94&page=1&append=false HTTP/1.1" 200 52
[30/Apr/2020 08:33:45] "POST /api/recommend_by_current_location HTTP/1.1" 200 4919
[30/Apr/2020 08:33:47] "GET /api/stores?name=&page=1&append=false HTTP/1.1" 200 5108
[30/Apr/2020 08:33:53] "GET /api/stores?name=&page=1&append=false HTTP/1.1" 200 5108
[30/Apr/2020 08:33:56] "GET /api/stores?name=&page=1&append=false HTTP/1.1" 200 5108
[30/Apr/2020 08:34:00] "GET /api/stores?name=&page=2&append=true HTTP/1.1" 200 4120
[30/Apr/2020 08:34:03] "POST /api/recommend_by_current_location HTTP/1.1" 200 4919
----------------------------------------
Exception happened during processing of request from ('222.234.232.113', 59993)
Traceback (most recent call last):
  File "/usr/lib/python3.6/socketserver.py", line 654, in process_request_thread
    self.finish_request(request, client_address)
  File "/usr/lib/python3.6/socketserver.py", line 364, in finish_request
    self.RequestHandlerClass(request, client_address, self)
  File "/usr/lib/python3.6/socketserver.py", line 724, in __init__
    self.handle()
  File "/usr/local/lib/python3.6/dist-packages/django/core/servers/basehttp.py", line 171, in handle
    self.handle_one_request()
  File "/usr/local/lib/python3.6/dist-packages/django/core/servers/basehttp.py", line 179, in handle_one_request
    self.raw_requestline = self.rfile.readline(65537)
  File "/usr/lib/python3.6/socket.py", line 586, in readinto
    return self._sock.recv_into(b)
  File "/usr/lib/python3.6/ssl.py", line 1012, in recv_into
    return self.read(nbytes, buffer)
  File "/usr/lib/python3.6/ssl.py", line 874, in read
    return self._sslobj.read(len, buffer)
  File "/usr/lib/python3.6/ssl.py", line 631, in read
    v = self._sslobj.read(len, buffer)
ConnectionResetError: [Errno 104] Connection reset by peer
----------------------------------------
[30/Apr/2020 11:19:01] "POST /api/recommend_by_current_location HTTP/1.1" 200 4919
[30/Apr/2020 11:19:19] "OPTIONS /api/login/ HTTP/1.1" 200 0
Bad Request: /api/login/
[30/Apr/2020 11:19:19] "POST /api/login/ HTTP/1.1" 400 100
[30/Apr/2020 11:19:21] "OPTIONS /api/user_based_cf HTTP/1.1" 200 0
Unauthorized: /api/user_based_cf
[30/Apr/2020 11:19:21] "GET /api/user_based_cf HTTP/1.1" 401 38
[30/Apr/2020 11:19:24] "POST /api/login/ HTTP/1.1" 200 458
[30/Apr/2020 11:19:24] "GET /api/user_based_cf HTTP/1.1" 200 11332
/usr/local/lib/python3.6/dist-packages/rest_framework/pagination.py:200: UnorderedObjectListWarning: Pagination may yield inconsistent results with an unordered object_list: <class 'api.models.Review'> QuerySet.
  paginator = self.django_paginator_class(queryset, page_size)
[30/Apr/2020 11:19:34] "GET /api/user_reviews?user=950337&page_size=1000 HTTP/1.1" 200 1400
[30/Apr/2020 11:19:34] "OPTIONS /api/like_stores HTTP/1.1" 200 0
[30/Apr/2020 11:19:34] "GET /api/user_reviews?user=950337&page=1&append=false HTTP/1.1" 200 1400
[30/Apr/2020 11:19:34] "GET /api/like_stores HTTP/1.1" 200 1804
[30/Apr/2020 11:19:36] "GET /api/user_reviews?user=950337&page_size=1000 HTTP/1.1" 200 1400
[30/Apr/2020 11:19:37] "GET /api/user_reviews?user=950337&page_size=1000 HTTP/1.1" 200 1400
[30/Apr/2020 11:19:37] "GET /api/user_reviews?user=950337&page_size=1000 HTTP/1.1" 200 1400
[30/Apr/2020 11:19:38] "GET /api/user_reviews?user=950337&page_size=1000 HTTP/1.1" 200 1400
[30/Apr/2020 11:19:38] "GET /api/user_reviews?user=950337&page_size=1000 HTTP/1.1" 200 1400
[30/Apr/2020 11:19:40] "GET /api/user_reviews?user=950337&page=1&append=false HTTP/1.1" 200 1400
[30/Apr/2020 11:19:42] "POST /api/recommend_by_current_location HTTP/1.1" 200 4919
[30/Apr/2020 11:19:42] "GET /api/user_based_cf HTTP/1.1" 200 11332
[30/Apr/2020 11:19:43] "OPTIONS /api/stores/241525 HTTP/1.1" 200 0
[30/Apr/2020 11:19:43] "GET /api/get_store_reviews_by_store_id/241525 HTTP/1.1" 200 12545
[30/Apr/2020 11:19:43] "GET /api/stores/241525 HTTP/1.1" 200 975
[30/Apr/2020 11:19:46] "GET /api/recommend_by_store_id/241525 HTTP/1.1" 200 6595
[30/Apr/2020 11:20:08] "OPTIONS /api/stores/241237 HTTP/1.1" 200 0
[30/Apr/2020 11:20:08] "GET /api/get_store_reviews_by_store_id/241237 HTTP/1.1" 200 2
[30/Apr/2020 11:20:08] "GET /api/stores/241237 HTTP/1.1" 200 337
[30/Apr/2020 11:20:10] "GET /api/recommend_by_store_id/241237 HTTP/1.1" 200 5781
[30/Apr/2020 11:20:12] "GET /api/stores?name=&page=1&append=false HTTP/1.1" 200 5108
[30/Apr/2020 11:20:15] "GET /api/get_store_reviews_by_store_id/10 HTTP/1.1" 200 2
[30/Apr/2020 11:20:15] "OPTIONS /api/stores/10 HTTP/1.1" 200 0
[30/Apr/2020 11:20:15] "GET /api/stores/10 HTTP/1.1" 200 382
[30/Apr/2020 11:20:17] "GET /api/recommend_by_store_id/10 HTTP/1.1" 200 3012
[30/Apr/2020 11:20:20] "GET /api/stores?name=&page=1&append=false HTTP/1.1" 200 5108
[30/Apr/2020 11:20:31] "POST /api/recommend_by_current_location HTTP/1.1" 200 4919
[30/Apr/2020 11:20:31] "GET /api/user_based_cf HTTP/1.1" 200 11332
[30/Apr/2020 11:20:36] "OPTIONS /api/token/verify/ HTTP/1.1" 200 0
[30/Apr/2020 11:20:36] "POST /api/token/verify/ HTTP/1.1" 200 227
[30/Apr/2020 11:20:36] "POST /api/recommend_by_current_location HTTP/1.1" 200 4919
[30/Apr/2020 11:20:36] "GET /api/user_based_cf HTTP/1.1" 200 11332
[30/Apr/2020 11:20:38] "OPTIONS /api/stores/118037 HTTP/1.1" 200 0
[30/Apr/2020 11:20:38] "GET /api/get_store_reviews_by_store_id/118037 HTTP/1.1" 200 6994
[30/Apr/2020 11:20:38] "GET /api/stores/118037 HTTP/1.1" 200 790
[30/Apr/2020 11:20:41] "GET /api/recommend_by_store_id/118037 HTTP/1.1" 200 8717
[30/Apr/2020 11:20:54] "OPTIONS /api/store_reviews HTTP/1.1" 200 0
[30/Apr/2020 11:20:54] "POST /api/store_reviews HTTP/1.1" 200 15
[30/Apr/2020 11:20:55] "GET /api/get_store_reviews_by_store_id/118037 HTTP/1.1" 200 7217
[30/Apr/2020 11:21:01] "OPTIONS /api/store_reviews/91414 HTTP/1.1" 200 0
[30/Apr/2020 11:21:01] "PUT /api/store_reviews/91414 HTTP/1.1" 200 15
[30/Apr/2020 11:21:01] "GET /api/get_store_reviews_by_store_id/118037 HTTP/1.1" 200 7234
[30/Apr/2020 11:21:06] "GET /api/user_reviews?user=950337&page_size=1000 HTTP/1.1" 200 1640
[30/Apr/2020 11:21:06] "GET /api/user_reviews?user=950337&page=1&append=false HTTP/1.1" 200 1640
[30/Apr/2020 11:21:06] "GET /api/like_stores HTTP/1.1" 200 1804
[30/Apr/2020 11:21:15] "OPTIONS /api/user_reviews/91414 HTTP/1.1" 200 0
[30/Apr/2020 11:21:15] "PUT /api/user_reviews/91414 HTTP/1.1" 200 256
[30/Apr/2020 11:21:17] "POST /api/recommend_by_current_location HTTP/1.1" 200 4919
[30/Apr/2020 11:21:17] "GET /api/user_based_cf HTTP/1.1" 200 11332
[30/Apr/2020 11:21:19] "GET /api/stores/118037 HTTP/1.1" 200 790
[30/Apr/2020 11:21:19] "GET /api/get_store_reviews_by_store_id/118037 HTTP/1.1" 200 7251
[30/Apr/2020 11:21:22] "GET /api/recommend_by_store_id/118037 HTTP/1.1" 200 8717
[30/Apr/2020 11:21:27] "OPTIONS /api/like_store HTTP/1.1" 200 0
[30/Apr/2020 11:21:27] "POST /api/like_store HTTP/1.1" 200 18
[30/Apr/2020 11:21:28] "GET /api/user_reviews?user=950337&page_size=1000 HTTP/1.1" 200 1657
[30/Apr/2020 11:21:28] "GET /api/user_reviews?user=950337&page=1&append=false HTTP/1.1" 200 1657
[30/Apr/2020 11:21:28] "GET /api/like_stores HTTP/1.1" 200 2359
[30/Apr/2020 11:21:33] "POST /api/recommend_by_current_location HTTP/1.1" 200 4919
[30/Apr/2020 11:21:33] "GET /api/user_based_cf HTTP/1.1" 200 11332
[30/Apr/2020 11:21:36] "GET /api/stores?name=&page=1&append=false HTTP/1.1" 200 5108
[30/Apr/2020 11:21:54] "POST /api/recommend_by_current_location HTTP/1.1" 200 4919
[30/Apr/2020 11:21:55] "GET /api/user_based_cf HTTP/1.1" 200 11332
[30/Apr/2020 11:21:58] "GET /api/trend_by_tob HTTP/1.1" 200 52630
[30/Apr/2020 11:21:59] "GET /api/compare_with_chain HTTP/1.1" 200 527
[30/Apr/2020 11:21:59] "GET /api/district_by_age_time HTTP/1.1" 200 933
[30/Apr/2020 11:21:59] "GET /api/generation_consumption HTTP/1.1" 200 1500
[30/Apr/2020 11:22:07] "POST /api/recommend_by_current_location HTTP/1.1" 200 4919
[30/Apr/2020 11:22:07] "GET /api/user_based_cf HTTP/1.1" 200 11332
[30/Apr/2020 11:22:09] "GET /api/trend_by_tob HTTP/1.1" 200 52630
[30/Apr/2020 11:22:09] "GET /api/compare_with_chain HTTP/1.1" 200 527
[30/Apr/2020 11:22:09] "GET /api/district_by_age_time HTTP/1.1" 200 933
[30/Apr/2020 11:22:10] "GET /api/generation_consumption HTTP/1.1" 200 1500
[30/Apr/2020 11:22:13] "POST /api/recommend_by_current_location HTTP/1.1" 200 4919
[30/Apr/2020 11:22:13] "GET /api/user_based_cf HTTP/1.1" 200 11332
[30/Apr/2020 11:27:22] "POST /api/recommend_by_current_location HTTP/1.1" 200 4919
[30/Apr/2020 11:27:28] "OPTIONS /api/recommend_by_current_location HTTP/1.1" 200 0
[30/Apr/2020 11:27:28] "POST /api/recommend_by_current_location HTTP/1.1" 200 2
[30/Apr/2020 11:27:28] "POST /api/recommend_by_current_location HTTP/1.1" 200 4919
[30/Apr/2020 11:27:46] "OPTIONS /api/login/ HTTP/1.1" 200 0
[30/Apr/2020 11:27:46] "POST /api/login/ HTTP/1.1" 200 458
[30/Apr/2020 11:27:46] "OPTIONS /api/user_based_cf HTTP/1.1" 200 0
[30/Apr/2020 11:27:46] "GET /api/user_based_cf HTTP/1.1" 200 11332
[30/Apr/2020 11:27:51] "GET /api/get_store_reviews_by_store_id/241525 HTTP/1.1" 200 12545
[30/Apr/2020 11:27:51] "OPTIONS /api/stores/241525 HTTP/1.1" 200 0
[30/Apr/2020 11:27:51] "GET /api/stores/241525 HTTP/1.1" 200 975
[30/Apr/2020 11:27:54] "GET /api/recommend_by_store_id/241525 HTTP/1.1" 200 6595
[30/Apr/2020 11:27:58] "POST /api/recommend_by_current_location HTTP/1.1" 200 4919
[30/Apr/2020 11:27:58] "POST /api/recommend_by_current_location HTTP/1.1" 200 2
[30/Apr/2020 11:27:58] "GET /api/user_based_cf HTTP/1.1" 200 11332
[30/Apr/2020 11:27:58] "POST /api/recommend_by_current_location HTTP/1.1" 200 4919
[30/Apr/2020 11:28:00] "GET /api/get_store_reviews_by_store_id/278381 HTTP/1.1" 200 7589
[30/Apr/2020 11:28:00] "OPTIONS /api/stores/278381 HTTP/1.1" 200 0
[30/Apr/2020 11:28:00] "GET /api/stores/278381 HTTP/1.1" 200 1564
[30/Apr/2020 11:28:02] "GET /api/recommend_by_store_id/278381 HTTP/1.1" 200 2802
[30/Apr/2020 11:28:05] "POST /api/recommend_by_current_location HTTP/1.1" 200 4919
[30/Apr/2020 11:28:06] "POST /api/recommend_by_current_location HTTP/1.1" 200 2
[30/Apr/2020 11:28:06] "GET /api/user_based_cf HTTP/1.1" 200 11332
[30/Apr/2020 11:28:06] "POST /api/recommend_by_current_location HTTP/1.1" 200 4919
[30/Apr/2020 11:28:11] "OPTIONS /api/stores/147283 HTTP/1.1" 200 0
[30/Apr/2020 11:28:11] "GET /api/get_store_reviews_by_store_id/147283 HTTP/1.1" 200 5912
[30/Apr/2020 11:28:11] "GET /api/stores/147283 HTTP/1.1" 200 1254
[30/Apr/2020 11:28:14] "GET /api/recommend_by_store_id/147283 HTTP/1.1" 200 7062
[30/Apr/2020 11:28:16] "POST /api/recommend_by_current_location HTTP/1.1" 200 4919
[30/Apr/2020 11:28:17] "POST /api/recommend_by_current_location HTTP/1.1" 200 2
[30/Apr/2020 11:28:17] "GET /api/user_based_cf HTTP/1.1" 200 11332
[30/Apr/2020 11:28:17] "POST /api/recommend_by_current_location HTTP/1.1" 200 4919
[30/Apr/2020 11:28:19] "GET /api/stores?name=&page=1&append=false HTTP/1.1" 200 5108
[30/Apr/2020 11:28:24] "OPTIONS /api/search_store HTTP/1.1" 200 0
[30/Apr/2020 11:28:24] "POST /api/search_store HTTP/1.1" 200 13497
[30/Apr/2020 11:29:01] "GET /api/swagger/ HTTP/1.1" 200 2230
[30/Apr/2020 11:29:01] "GET /static/drf-yasg/style.css HTTP/1.1" 200 1047
[30/Apr/2020 11:29:01] "GET /static/drf-yasg/swagger-ui-dist/swagger-ui.css HTTP/1.1" 200 141820
[30/Apr/2020 11:29:01] "GET /static/drf-yasg/insQ.min.js HTTP/1.1" 200 2093
[30/Apr/2020 11:29:02] "GET /static/drf-yasg/swagger-ui-dist/swagger-ui-standalone-preset.js HTTP/1.1" 200 295198
[30/Apr/2020 11:29:02] "GET /static/drf-yasg/immutable.min.js HTTP/1.1" 200 56904
[30/Apr/2020 11:29:02] "GET /static/drf-yasg/url-polyfill.min.js HTTP/1.1" 200 6092
[30/Apr/2020 11:29:02] "GET /static/drf-yasg/swagger-ui-init.js HTTP/1.1" 200 14715
[30/Apr/2020 11:29:02] "GET /static/drf-yasg/swagger-ui-dist/swagger-ui-bundle.js HTTP/1.1" 200 957138
[30/Apr/2020 11:29:02] "GET /api/swagger/?format=openapi HTTP/1.1" 200 27008
[30/Apr/2020 11:29:02] "GET /static/drf-yasg/swagger-ui-dist/favicon-32x32.png HTTP/1.1" 200 628
[30/Apr/2020 11:29:03] "GET /api/swagger/?format=openapi HTTP/1.1" 200 27008
[30/Apr/2020 11:29:11] "POST /api/recommend_by_current_location HTTP/1.1" 200 4919
[30/Apr/2020 11:29:13] "GET /api/get_store_reviews_by_store_id/20612 HTTP/1.1" 200 2
[30/Apr/2020 11:29:13] "OPTIONS /api/stores/20612 HTTP/1.1" 200 0
[30/Apr/2020 11:29:13] "GET /api/stores/20612 HTTP/1.1" 200 454
[30/Apr/2020 11:29:16] "GET /api/recommend_by_store_id/20612 HTTP/1.1" 200 9525
[30/Apr/2020 11:29:17] "GET /api/stores?name=&page=1&append=false HTTP/1.1" 200 5108
[30/Apr/2020 11:29:18] "OPTIONS /api/recommend_by_current_location HTTP/1.1" 200 0
[30/Apr/2020 11:29:18] "POST /api/recommend_by_current_location HTTP/1.1" 200 2
[30/Apr/2020 11:29:18] "POST /api/recommend_by_current_location HTTP/1.1" 200 4919
[30/Apr/2020 11:29:19] "POST /api/recommend_by_current_location HTTP/1.1" 200 4919
[30/Apr/2020 11:29:19] "POST /api/recommend_by_current_location HTTP/1.1" 200 2
[30/Apr/2020 11:29:19] "GET /api/user_based_cf HTTP/1.1" 200 11332
[30/Apr/2020 11:29:19] "POST /api/recommend_by_current_location HTTP/1.1" 200 4919
[30/Apr/2020 11:29:21] "OPTIONS /api/stores/276844 HTTP/1.1" 200 0
[30/Apr/2020 11:29:21] "GET /api/get_store_reviews_by_store_id/276844 HTTP/1.1" 200 3542
[30/Apr/2020 11:29:21] "GET /api/stores/276844 HTTP/1.1" 200 2158
[30/Apr/2020 11:29:23] "GET /api/recommend_by_store_id/276844 HTTP/1.1" 200 3343
[30/Apr/2020 11:29:38] "OPTIONS /api/search_store HTTP/1.1" 200 0
[30/Apr/2020 11:29:38] "OPTIONS /api/store_reviews HTTP/1.1" 200 0
[30/Apr/2020 11:29:38] "POST /api/store_reviews HTTP/1.1" 200 15
[30/Apr/2020 11:29:38] "POST /api/search_store HTTP/1.1" 200 37493
[30/Apr/2020 11:29:38] "GET /api/get_store_reviews_by_store_id/276844 HTTP/1.1" 200 3769
[30/Apr/2020 11:29:40] "OPTIONS /api/like_stores HTTP/1.1" 200 0
[30/Apr/2020 11:29:40] "GET /api/user_reviews?user=950337&page_size=1000 HTTP/1.1" 200 1884
[30/Apr/2020 11:29:40] "GET /api/user_reviews?user=950337&page=1&append=false HTTP/1.1" 200 1884
[30/Apr/2020 11:29:40] "GET /api/like_stores HTTP/1.1" 200 2359
[30/Apr/2020 11:29:41] "GET /api/get_store_reviews_by_store_id/449274 HTTP/1.1" 200 2
[30/Apr/2020 11:29:41] "OPTIONS /api/stores/449274 HTTP/1.1" 200 0
Unauthorized: /api/stores/449274
[30/Apr/2020 11:29:42] "GET /api/stores/449274 HTTP/1.1" 401 38
[30/Apr/2020 11:29:44] "GET /api/recommend_by_store_id/449274 HTTP/1.1" 200 10844
[30/Apr/2020 11:30:00] "GET /api/stores?name=&page=1&append=false HTTP/1.1" 200 5108
[30/Apr/2020 11:30:00] "POST /api/recommend_by_current_location HTTP/1.1" 200 4919
[30/Apr/2020 11:30:01] "GET /api/user_based_cf HTTP/1.1" 200 11346
[30/Apr/2020 11:30:01] "POST /api/recommend_by_current_location HTTP/1.1" 200 2
[30/Apr/2020 11:30:01] "POST /api/recommend_by_current_location HTTP/1.1" 200 4919
[30/Apr/2020 11:30:02] "GET /api/get_store_reviews_by_store_id/9 HTTP/1.1" 200 2
[30/Apr/2020 11:30:02] "OPTIONS /api/stores/9 HTTP/1.1" 200 0
Unauthorized: /api/stores/9
[30/Apr/2020 11:30:02] "GET /api/stores/9 HTTP/1.1" 401 38
[30/Apr/2020 11:30:04] "GET /api/recommend_by_store_id/9 HTTP/1.1" 200 8547
[30/Apr/2020 11:30:08] "OPTIONS /api/stores/12 HTTP/1.1" 200 0
[30/Apr/2020 11:30:08] "GET /api/get_store_reviews_by_store_id/12 HTTP/1.1" 200 2
Unauthorized: /api/stores/12
[30/Apr/2020 11:30:08] "GET /api/stores/12 HTTP/1.1" 401 38
[30/Apr/2020 11:30:10] "GET /api/recommend_by_store_id/12 HTTP/1.1" 200 11174
[30/Apr/2020 11:30:11] "GET /api/stores?name=%EB%AA%85%EB%8F%99%EA%B5%90%EC%9E%90&page=1&append=false HTTP/1.1" 200 2305
[30/Apr/2020 11:30:12] "OPTIONS /api/stores/145030 HTTP/1.1" 200 0
Unauthorized: /api/stores/145030
[30/Apr/2020 11:30:12] "GET /api/stores/145030 HTTP/1.1" 401 38
[30/Apr/2020 11:30:12] "GET /api/get_store_reviews_by_store_id/145030 HTTP/1.1" 200 39831
[30/Apr/2020 11:30:14] "GET /api/recommend_by_store_id/145030 HTTP/1.1" 200 10935
[30/Apr/2020 11:30:40] "OPTIONS /api/stores/214585 HTTP/1.1" 200 0
[30/Apr/2020 11:30:40] "GET /api/get_store_reviews_by_store_id/214585 HTTP/1.1" 200 5666
[30/Apr/2020 11:30:40] "GET /api/stores/214585 HTTP/1.1" 200 1294
[30/Apr/2020 11:30:58] "GET /api/recommend_by_store_id/214585 HTTP/1.1" 200 9052
[30/Apr/2020 11:30:59] "POST /api/recommend_by_current_location HTTP/1.1" 200 4919
[30/Apr/2020 11:31:00] "POST /api/recommend_by_current_location HTTP/1.1" 200 2
[30/Apr/2020 11:31:00] "POST /api/recommend_by_current_location HTTP/1.1" 200 4919
[30/Apr/2020 11:31:02] "OPTIONS /api/stores/221 HTTP/1.1" 200 0
Unauthorized: /api/stores/221
[30/Apr/2020 11:31:02] "GET /api/stores/221 HTTP/1.1" 401 38
[30/Apr/2020 11:31:02] "GET /api/get_store_reviews_by_store_id/221 HTTP/1.1" 200 6393
[30/Apr/2020 11:31:04] "GET /api/recommend_by_store_id/221 HTTP/1.1" 200 10905
[30/Apr/2020 11:31:38] "POST /api/recommend_by_current_location HTTP/1.1" 200 4919
[30/Apr/2020 11:31:38] "POST /api/recommend_by_current_location HTTP/1.1" 200 2
[30/Apr/2020 11:31:38] "POST /api/recommend_by_current_location HTTP/1.1" 200 4919
[30/Apr/2020 11:31:40] "POST /api/recommend_by_current_location HTTP/1.1" 200 4919
[30/Apr/2020 11:31:41] "POST /api/recommend_by_current_location HTTP/1.1" 200 2
[30/Apr/2020 11:31:41] "POST /api/recommend_by_current_location HTTP/1.1" 200 4919
[30/Apr/2020 11:31:47] "OPTIONS /api/stores/221 HTTP/1.1" 200 0
[30/Apr/2020 11:31:47] "GET /api/get_store_reviews_by_store_id/221 HTTP/1.1" 200 6393
Unauthorized: /api/stores/221
[30/Apr/2020 11:31:47] "GET /api/stores/221 HTTP/1.1" 401 38
[30/Apr/2020 11:31:49] "GET /api/recommend_by_store_id/221 HTTP/1.1" 200 10905
[30/Apr/2020 11:31:56] "POST /api/recommend_by_current_location HTTP/1.1" 200 4919
[30/Apr/2020 11:31:56] "POST /api/recommend_by_current_location HTTP/1.1" 200 2
[30/Apr/2020 11:31:57] "POST /api/recommend_by_current_location HTTP/1.1" 200 4919
[30/Apr/2020 11:32:02] "POST /api/login/ HTTP/1.1" 200 458
[30/Apr/2020 11:32:02] "GET /api/user_based_cf HTTP/1.1" 200 11346
[30/Apr/2020 11:32:04] "OPTIONS /api/stores/2476 HTTP/1.1" 200 0
[30/Apr/2020 11:32:04] "GET /api/get_store_reviews_by_store_id/2476 HTTP/1.1" 200 2535
[30/Apr/2020 11:32:05] "GET /api/stores/2476 HTTP/1.1" 200 1137
[30/Apr/2020 11:32:07] "GET /api/recommend_by_store_id/2476 HTTP/1.1" 200 10958
[30/Apr/2020 11:32:48] "POST /api/recommend_by_current_location HTTP/1.1" 200 4919
[30/Apr/2020 11:32:49] "POST /api/recommend_by_current_location HTTP/1.1" 200 4919
[30/Apr/2020 11:32:50] "POST /api/recommend_by_current_location HTTP/1.1" 200 2
[30/Apr/2020 11:32:50] "POST /api/recommend_by_current_location HTTP/1.1" 200 4919
[30/Apr/2020 11:32:51] "GET /api/get_store_reviews_by_store_id/2476 HTTP/1.1" 200 2535
Unauthorized: /api/stores/2476
[30/Apr/2020 11:32:51] "GET /api/stores/2476 HTTP/1.1" 401 38
[30/Apr/2020 11:32:54] "GET /api/recommend_by_store_id/2476 HTTP/1.1" 200 10958
[30/Apr/2020 11:33:03] "OPTIONS /api/login/ HTTP/1.1" 200 0
[30/Apr/2020 11:33:03] "POST /api/login/ HTTP/1.1" 200 459
[30/Apr/2020 11:33:04] "POST /api/recommend_by_current_location HTTP/1.1" 200 4919
[30/Apr/2020 11:33:04] "OPTIONS /api/user_based_cf HTTP/1.1" 200 0
[30/Apr/2020 11:33:04] "GET /api/user_based_cf HTTP/1.1" 200 11418
[30/Apr/2020 11:33:04] "GET /api/user_based_cf HTTP/1.1" 200 11418
[30/Apr/2020 11:33:05] "GET /api/stores/145030 HTTP/1.1" 200 791
[30/Apr/2020 11:33:06] "GET /api/get_store_reviews_by_store_id/145030 HTTP/1.1" 200 39831
[30/Apr/2020 11:33:07] "POST /api/recommend_by_current_location HTTP/1.1" 200 2
[30/Apr/2020 11:33:07] "POST /api/recommend_by_current_location HTTP/1.1" 200 4919
[30/Apr/2020 11:33:08] "GET /api/recommend_by_store_id/145030 HTTP/1.1" 200 10935
[30/Apr/2020 11:33:18] "POST /api/recommend_by_current_location HTTP/1.1" 200 4919
[30/Apr/2020 11:33:18] "POST /api/recommend_by_current_location HTTP/1.1" 200 2
[30/Apr/2020 11:33:18] "POST /api/recommend_by_current_location HTTP/1.1" 200 4919
[30/Apr/2020 11:33:58] "GET /api/swagger/ HTTP/1.1" 200 2230
[30/Apr/2020 11:33:59] "GET /api/swagger/ HTTP/1.1" 200 2230
[30/Apr/2020 11:33:59] "GET /static/drf-yasg/style.css HTTP/1.1" 200 1047
[30/Apr/2020 11:33:59] "GET /static/drf-yasg/swagger-ui-dist/swagger-ui.css HTTP/1.1" 200 141820
[30/Apr/2020 11:33:59] "GET /static/drf-yasg/insQ.min.js HTTP/1.1" 200 2093
[30/Apr/2020 11:33:59] "GET /static/drf-yasg/immutable.min.js HTTP/1.1" 200 56904
[30/Apr/2020 11:33:59] "GET /static/drf-yasg/url-polyfill.min.js HTTP/1.1" 200 6092
[30/Apr/2020 11:33:59] "GET /static/drf-yasg/swagger-ui-dist/swagger-ui-standalone-preset.js HTTP/1.1" 200 295198
[30/Apr/2020 11:33:59] "GET /static/drf-yasg/swagger-ui-init.js HTTP/1.1" 200 14715
[30/Apr/2020 11:33:59] "GET /static/drf-yasg/swagger-ui-dist/swagger-ui-bundle.js HTTP/1.1" 200 957138
[30/Apr/2020 11:34:00] "GET /api/swagger/ HTTP/1.1" 200 2230
[30/Apr/2020 11:34:00] "GET /static/drf-yasg/swagger-ui-dist/favicon-32x32.png HTTP/1.1" 200 628
[30/Apr/2020 11:34:00] "GET /api/swagger/?format=openapi HTTP/1.1" 200 27008
[30/Apr/2020 11:34:01] "GET /api/swagger/?format=openapi HTTP/1.1" 200 27008
[30/Apr/2020 11:34:01] "GET /api/swagger/?format=openapi HTTP/1.1" 200 27008
[30/Apr/2020 11:34:03] "GET /api/swagger/?format=openapi HTTP/1.1" 200 27008
[30/Apr/2020 11:34:18] "GET /api/swagger/ HTTP/1.1" 200 2230
[30/Apr/2020 11:34:19] "GET /api/swagger/ HTTP/1.1" 200 2230
[30/Apr/2020 11:34:19] "GET /api/swagger/?format=openapi HTTP/1.1" 200 27008
[30/Apr/2020 11:34:20] "GET /api/swagger/?format=openapi HTTP/1.1" 200 27008
[30/Apr/2020 11:34:20] "GET /api/swagger/?format=openapi HTTP/1.1" 200 27008
[30/Apr/2020 11:34:22] "GET /api/swagger/?format=openapi HTTP/1.1" 200 27008
[30/Apr/2020 11:34:26] "GET /admin HTTP/1.1" 301 0
[30/Apr/2020 11:34:26] "GET /admin/ HTTP/1.1" 302 0
[30/Apr/2020 11:34:26] "GET /admin/login/?next=/admin/ HTTP/1.1" 200 1839
[30/Apr/2020 11:34:26] "GET /static/admin/css/base.css HTTP/1.1" 200 16378
[30/Apr/2020 11:34:26] "GET /static/admin/css/login.css HTTP/1.1" 200 1233
[30/Apr/2020 11:34:26] "GET /static/admin/css/responsive.css HTTP/1.1" 200 17944
[30/Apr/2020 11:34:26] "GET /static/admin/css/fonts.css HTTP/1.1" 200 423
[30/Apr/2020 11:34:26] "GET /static/admin/fonts/Roboto-Light-webfont.woff HTTP/1.1" 200 85692
Not Found: /favicon.ico
[30/Apr/2020 11:34:26] "GET /favicon.ico HTTP/1.1" 404 2087
[30/Apr/2020 11:34:26] "GET /static/admin/fonts/Roboto-Regular-webfont.woff HTTP/1.1" 200 85876
[30/Apr/2020 11:34:30] "POST /admin/login/?next=/admin/ HTTP/1.1" 302 0
[30/Apr/2020 11:34:30] "GET /admin/ HTTP/1.1" 200 9062
[30/Apr/2020 11:34:30] "GET /static/admin/css/dashboard.css HTTP/1.1" 200 412
[30/Apr/2020 11:34:30] "GET /static/admin/img/icon-addlink.svg HTTP/1.1" 200 331
[30/Apr/2020 11:34:30] "GET /static/admin/img/icon-changelink.svg HTTP/1.1" 200 380
[30/Apr/2020 11:34:30] "GET /static/admin/fonts/Roboto-Bold-webfont.woff HTTP/1.1" 200 86184
[30/Apr/2020 11:34:30] "OPTIONS /api/like_stores HTTP/1.1" 200 0
[30/Apr/2020 11:34:30] "GET /api/user_reviews?user=950338&page_size=1000 HTTP/1.1" 200 262
[30/Apr/2020 11:34:30] "GET /api/user_reviews?user=950338&page=1&append=false HTTP/1.1" 200 262
[30/Apr/2020 11:34:30] "GET /api/like_stores HTTP/1.1" 200 2
[30/Apr/2020 11:34:34] "GET /api/user_reviews?user=950338&page_size=1000 HTTP/1.1" 200 262
[30/Apr/2020 11:34:35] "GET /api/user_reviews?user=950338&page_size=1000 HTTP/1.1" 200 262
[30/Apr/2020 11:34:38] "GET /api/stores/145030 HTTP/1.1" 200 791
[30/Apr/2020 11:34:38] "GET /api/get_store_reviews_by_store_id/145030 HTTP/1.1" 200 39831
[30/Apr/2020 11:34:40] "OPTIONS /api/like_store HTTP/1.1" 200 0
[30/Apr/2020 11:34:40] "POST /api/like_store HTTP/1.1" 200 18
[30/Apr/2020 11:34:40] "GET /api/recommend_by_store_id/145030 HTTP/1.1" 200 10935
[30/Apr/2020 11:34:41] "GET /api/like_stores HTTP/1.1" 200 559
[30/Apr/2020 11:34:41] "GET /api/user_reviews?user=950338&page=1&append=false HTTP/1.1" 200 262
[30/Apr/2020 11:34:41] "GET /api/user_reviews?user=950338&page_size=1000 HTTP/1.1" 200 262
[30/Apr/2020 11:34:44] "GET /api/stores/145030 HTTP/1.1" 200 791
[30/Apr/2020 11:34:44] "GET /api/get_store_reviews_by_store_id/145030 HTTP/1.1" 200 39831
[30/Apr/2020 11:34:46] "GET /api/recommend_by_store_id/145030 HTTP/1.1" 200 10935
[30/Apr/2020 11:34:49] "POST /api/recommend_by_current_location HTTP/1.1" 200 4919
[30/Apr/2020 11:34:49] "POST /api/recommend_by_current_location HTTP/1.1" 200 2
[30/Apr/2020 11:34:49] "POST /api/recommend_by_current_location HTTP/1.1" 200 4919
[30/Apr/2020 11:34:49] "GET /api/user_based_cf HTTP/1.1" 200 11418
[30/Apr/2020 11:34:50] "OPTIONS /api/rest-auth/registration/ HTTP/1.1" 200 0
[30/Apr/2020 11:34:54] "POST /api/rest-auth/registration/ HTTP/1.1" 201 52
[30/Apr/2020 11:34:55] "POST /api/recommend_by_current_location HTTP/1.1" 200 4919
[30/Apr/2020 11:34:55] "POST /api/recommend_by_current_location HTTP/1.1" 200 2
[30/Apr/2020 11:34:55] "POST /api/recommend_by_current_location HTTP/1.1" 200 4919
[30/Apr/2020 11:34:57] "GET /api/trend_by_tob HTTP/1.1" 200 52630
[30/Apr/2020 11:34:57] "GET /api/compare_with_chain HTTP/1.1" 200 527
[30/Apr/2020 11:34:57] "GET /api/district_by_age_time HTTP/1.1" 200 933
[30/Apr/2020 11:34:57] "GET /api/generation_consumption HTTP/1.1" 200 1500
[30/Apr/2020 11:34:58] "GET /admin/account/emailaddress/ HTTP/1.1" 200 7948
[30/Apr/2020 11:34:58] "GET /static/admin/css/changelists.css HTTP/1.1" 200 6170
[30/Apr/2020 11:34:58] "GET /admin/jsi18n/ HTTP/1.1" 200 8330
[30/Apr/2020 11:34:58] "GET /static/admin/js/jquery.init.js HTTP/1.1" 200 363
[30/Apr/2020 11:34:58] "GET /static/admin/js/core.js HTTP/1.1" 200 7099
[30/Apr/2020 11:34:58] "GET /static/admin/js/vendor/jquery/jquery.js HTTP/1.1" 200 271817
[30/Apr/2020 11:34:58] "GET /static/admin/js/admin/RelatedObjectLookups.js HTTP/1.1" 200 6918
[30/Apr/2020 11:34:58] "GET /static/admin/js/actions.js HTTP/1.1" 200 6766
[30/Apr/2020 11:34:58] "GET /static/admin/js/urlify.js HTTP/1.1" 200 8941
[30/Apr/2020 11:34:58] "GET /static/admin/js/prepopulate.js HTTP/1.1" 200 1530
[30/Apr/2020 11:34:58] "GET /static/admin/js/vendor/xregexp/xregexp.js HTTP/1.1" 200 128820
[30/Apr/2020 11:34:58] "GET /static/admin/img/search.svg HTTP/1.1" 200 458
[30/Apr/2020 11:34:58] "GET /static/admin/img/icon-yes.svg HTTP/1.1" 200 436
[30/Apr/2020 11:34:58] "GET /static/admin/img/icon-no.svg HTTP/1.1" 200 560
[30/Apr/2020 11:34:58] "GET /static/admin/img/tooltag-add.svg HTTP/1.1" 200 331
[30/Apr/2020 11:35:00] "GET /admin/account/emailaddress/8/change/ HTTP/1.1" 200 5830
[30/Apr/2020 11:35:00] "GET /static/admin/css/forms.css HTTP/1.1" 200 8518
[30/Apr/2020 11:35:00] "GET /static/admin/js/change_form.js HTTP/1.1" 200 712
[30/Apr/2020 11:35:00] "GET /static/admin/js/prepopulate_init.js HTTP/1.1" 200 495
[30/Apr/2020 11:35:00] "GET /admin/jsi18n/ HTTP/1.1" 200 8330
[30/Apr/2020 11:35:00] "GET /static/admin/css/widgets.css HTTP/1.1" 200 10340
[30/Apr/2020 11:35:03] "POST /admin/account/emailaddress/8/change/ HTTP/1.1" 302 0
[30/Apr/2020 11:35:03] "GET /admin/account/emailaddress/ HTTP/1.1" 200 8167
[30/Apr/2020 11:35:03] "GET /admin/jsi18n/ HTTP/1.1" 200 8330
[30/Apr/2020 11:35:11] "POST /api/login/ HTTP/1.1" 200 413
[30/Apr/2020 11:35:11] "GET /api/user_based_cf HTTP/1.1" 200 1374
[30/Apr/2020 11:35:19] "GET /api/user_reviews?user=950341&page_size=1000 HTTP/1.1" 200 52
[30/Apr/2020 11:35:19] "GET /api/like_stores HTTP/1.1" 200 2
[30/Apr/2020 11:35:19] "GET /api/user_reviews?user=950341&page=1&append=false HTTP/1.1" 200 52
[30/Apr/2020 11:35:19] "GET /api/user_reviews?user=950341&page=1&append=true HTTP/1.1" 200 52
[30/Apr/2020 11:35:20] "GET /api/user_reviews?user=950341&page=1&append=true HTTP/1.1" 200 52
[30/Apr/2020 11:35:21] "POST /api/recommend_by_current_location HTTP/1.1" 200 4919
[30/Apr/2020 11:35:21] "GET /api/user_based_cf HTTP/1.1" 200 1374
[30/Apr/2020 11:35:21] "POST /api/recommend_by_current_location HTTP/1.1" 200 2
[30/Apr/2020 11:35:22] "POST /api/recommend_by_current_location HTTP/1.1" 200 4919
[30/Apr/2020 11:35:25] "GET /api/get_store_reviews_by_store_id/147283 HTTP/1.1" 200 5912
[30/Apr/2020 11:35:25] "GET /api/stores/147283 HTTP/1.1" 200 1254
[30/Apr/2020 11:35:26] "POST /api/recommend_by_current_location HTTP/1.1" 200 4919
[30/Apr/2020 11:35:26] "GET /api/user_based_cf HTTP/1.1" 200 11418
[30/Apr/2020 11:35:27] "GET /api/recommend_by_store_id/147283 HTTP/1.1" 200 7062
[30/Apr/2020 11:35:29] "POST /api/recommend_by_current_location HTTP/1.1" 200 2
[30/Apr/2020 11:35:29] "POST /api/recommend_by_current_location HTTP/1.1" 200 4919
[30/Apr/2020 11:35:30] "POST /api/recommend_by_current_location HTTP/1.1" 200 4919
[30/Apr/2020 11:35:30] "POST /api/recommend_by_current_location HTTP/1.1" 200 2
[30/Apr/2020 11:35:30] "GET /api/user_based_cf HTTP/1.1" 200 1374
[30/Apr/2020 11:35:31] "POST /api/recommend_by_current_location HTTP/1.1" 200 4919
[30/Apr/2020 11:35:36] "POST /api/recommend_by_current_location HTTP/1.1" 200 4919
[30/Apr/2020 11:35:36] "POST /api/recommend_by_current_location HTTP/1.1" 200 2
[30/Apr/2020 11:35:36] "POST /api/recommend_by_current_location HTTP/1.1" 200 4919
[30/Apr/2020 11:35:38] "OPTIONS /api/stores/118037 HTTP/1.1" 200 0
[30/Apr/2020 11:35:38] "GET /api/get_store_reviews_by_store_id/118037 HTTP/1.1" 200 7251
[30/Apr/2020 11:35:38] "GET /api/stores/118037 HTTP/1.1" 200 790
[30/Apr/2020 11:35:40] "GET /api/recommend_by_store_id/118037 HTTP/1.1" 200 10848
[30/Apr/2020 11:35:46] "OPTIONS /api/stores/198430 HTTP/1.1" 200 0
[30/Apr/2020 11:35:46] "GET /api/get_store_reviews_by_store_id/198430 HTTP/1.1" 200 2
[30/Apr/2020 11:35:46] "GET /api/stores/198430 HTTP/1.1" 200 614
[30/Apr/2020 11:35:48] "GET /api/recommend_by_store_id/198430 HTTP/1.1" 200 10003
[30/Apr/2020 11:40:50] "OPTIONS /api/token/verify/ HTTP/1.1" 200 0
[30/Apr/2020 11:40:50] "POST /api/recommend_by_current_location HTTP/1.1" 200 4919
[30/Apr/2020 11:40:50] "POST /api/token/verify/ HTTP/1.1" 200 227
[30/Apr/2020 11:40:50] "OPTIONS /api/user_based_cf HTTP/1.1" 200 0
[30/Apr/2020 11:40:51] "GET /api/user_based_cf HTTP/1.1" 200 11346
[30/Apr/2020 11:40:53] "POST /api/recommend_by_current_location HTTP/1.1" 200 4919
[30/Apr/2020 11:41:27] "OPTIONS /api/stores/2476 HTTP/1.1" 200 0
[30/Apr/2020 11:41:27] "GET /api/get_store_reviews_by_store_id/2476 HTTP/1.1" 200 2535
Unauthorized: /api/stores/2476
[30/Apr/2020 11:41:27] "GET /api/stores/2476 HTTP/1.1" 401 38
[30/Apr/2020 11:41:29] "GET /api/recommend_by_store_id/2476 HTTP/1.1" 200 10958
[30/Apr/2020 11:41:58] "POST /api/recommend_by_current_location HTTP/1.1" 200 4919
[30/Apr/2020 11:41:58] "OPTIONS /api/recommend_by_current_location HTTP/1.1" 200 0
[30/Apr/2020 11:41:58] "POST /api/recommend_by_current_location HTTP/1.1" 200 2
[30/Apr/2020 11:41:58] "POST /api/recommend_by_current_location HTTP/1.1" 200 4919
[30/Apr/2020 11:42:02] "GET /api/get_store_reviews_by_store_id/95034 HTTP/1.1" 200 7887
[30/Apr/2020 11:42:02] "OPTIONS /api/stores/95034 HTTP/1.1" 200 0
Unauthorized: /api/stores/95034
[30/Apr/2020 11:42:02] "GET /api/stores/95034 HTTP/1.1" 401 38
[30/Apr/2020 11:42:04] "GET /api/recommend_by_store_id/95034 HTTP/1.1" 200 7461
[30/Apr/2020 11:42:07] "OPTIONS /api/login/ HTTP/1.1" 200 0
Bad Request: /api/login/
[30/Apr/2020 11:42:07] "POST /api/login/ HTTP/1.1" 400 100
Unauthorized: /api/user_based_cf
[30/Apr/2020 11:42:09] "GET /api/user_based_cf HTTP/1.1" 401 38
[30/Apr/2020 11:42:11] "POST /api/login/ HTTP/1.1" 200 458
[30/Apr/2020 11:42:12] "POST /api/recommend_by_current_location HTTP/1.1" 200 4919
[30/Apr/2020 11:42:12] "GET /api/user_based_cf HTTP/1.1" 200 11346
[30/Apr/2020 11:42:12] "GET /api/user_based_cf HTTP/1.1" 200 11346
[30/Apr/2020 11:42:15] "OPTIONS /api/like_stores HTTP/1.1" 200 0
[30/Apr/2020 11:42:15] "GET /api/user_reviews?user=950337&page_size=1000 HTTP/1.1" 200 1884
[30/Apr/2020 11:42:15] "GET /api/user_reviews?user=950337&page=1&append=false HTTP/1.1" 200 1884
[30/Apr/2020 11:42:15] "GET /api/like_stores HTTP/1.1" 200 2359
[30/Apr/2020 11:42:16] "POST /api/recommend_by_current_location HTTP/1.1" 200 4919
[30/Apr/2020 11:42:16] "GET /api/user_based_cf HTTP/1.1" 200 11346
[30/Apr/2020 11:42:35] "GET /api/stores?page=1&append=true&page_size=10&reset=true HTTP/1.1" 200 5125
[30/Apr/2020 11:42:36] "GET /api/user_reviews?page=1&append=true&page_size=10&reset=true HTTP/1.1" 200 6078
[30/Apr/2020 11:42:37] "GET /api/stores?page=1&append=true&page_size=10&reset=true HTTP/1.1" 200 5125
[30/Apr/2020 11:42:42] "GET /api/user_reviews?page=1&append=true&page_size=10&reset=true HTTP/1.1" 200 6078
[30/Apr/2020 11:42:43] "OPTIONS /api/all_user HTTP/1.1" 200 0
[30/Apr/2020 11:42:45] "GET /api/all_user HTTP/1.1" 200 2254477
[30/Apr/2020 11:42:47] "POST /api/recommend_by_current_location HTTP/1.1" 200 4919
[30/Apr/2020 11:42:47] "GET /api/user_based_cf HTTP/1.1" 200 11346
[30/Apr/2020 11:42:50] "OPTIONS /api/stores/76200 HTTP/1.1" 200 0
[30/Apr/2020 11:42:50] "GET /api/stores/76200 HTTP/1.1" 200 1957
[30/Apr/2020 11:42:50] "GET /api/get_store_reviews_by_store_id/76200 HTTP/1.1" 200 19418
[30/Apr/2020 11:42:51] "POST /api/recommend_by_current_location HTTP/1.1" 200 4919
[30/Apr/2020 11:42:51] "POST /api/recommend_by_current_location HTTP/1.1" 200 4919
[30/Apr/2020 11:42:52] "GET /api/recommend_by_store_id/76200 HTTP/1.1" 200 8453
[30/Apr/2020 11:42:53] "GET /api/get_store_reviews_by_store_id/2476 HTTP/1.1" 200 2535
Unauthorized: /api/stores/2476
[30/Apr/2020 11:42:53] "GET /api/stores/2476 HTTP/1.1" 401 38
[30/Apr/2020 11:42:55] "GET /api/recommend_by_store_id/2476 HTTP/1.1" 200 10958
[30/Apr/2020 11:42:57] "POST /api/login/ HTTP/1.1" 200 458
[30/Apr/2020 11:42:57] "POST /api/recommend_by_current_location HTTP/1.1" 200 4919
[30/Apr/2020 11:42:58] "GET /api/user_based_cf HTTP/1.1" 200 11346
[30/Apr/2020 11:42:58] "GET /api/user_based_cf HTTP/1.1" 200 11346
[30/Apr/2020 11:43:02] "POST /api/token/verify/ HTTP/1.1" 200 227
[30/Apr/2020 11:43:02] "POST /api/recommend_by_current_location HTTP/1.1" 200 4919
[30/Apr/2020 11:43:03] "GET /api/user_based_cf HTTP/1.1" 200 11346
[30/Apr/2020 11:43:09] "POST /api/recommend_by_current_location HTTP/1.1" 200 4919
[30/Apr/2020 11:43:12] "POST /api/login/ HTTP/1.1" 200 458
[30/Apr/2020 11:43:13] "GET /api/user_based_cf HTTP/1.1" 200 11346
[30/Apr/2020 11:43:22] "GET /api/user_reviews?user=950337&page_size=1000 HTTP/1.1" 200 1884
[30/Apr/2020 11:43:22] "GET /api/like_stores HTTP/1.1" 200 2359
[30/Apr/2020 11:43:22] "GET /api/user_reviews?user=950337&page=1&append=false HTTP/1.1" 200 1884
[30/Apr/2020 11:43:32] "POST /api/recommend_by_current_location HTTP/1.1" 200 4919
[30/Apr/2020 11:43:32] "GET /api/user_based_cf HTTP/1.1" 200 11346
[30/Apr/2020 11:43:42] "POST /api/recommend_by_current_location HTTP/1.1" 200 4919
[30/Apr/2020 11:44:08] "GET /api/swagger/ HTTP/1.1" 200 2230
[30/Apr/2020 11:44:08] "GET /static/drf-yasg/style.css HTTP/1.1" 200 1047
[30/Apr/2020 11:44:08] "GET /static/drf-yasg/swagger-ui-dist/swagger-ui.css HTTP/1.1" 200 141820
[30/Apr/2020 11:44:08] "GET /static/drf-yasg/insQ.min.js HTTP/1.1" 200 2093
[30/Apr/2020 11:44:08] "GET /static/drf-yasg/immutable.min.js HTTP/1.1" 200 56904
[30/Apr/2020 11:44:08] "GET /static/drf-yasg/url-polyfill.min.js HTTP/1.1" 200 6092
[30/Apr/2020 11:44:08] "GET /static/drf-yasg/swagger-ui-dist/swagger-ui-standalone-preset.js HTTP/1.1" 200 295198
[30/Apr/2020 11:44:08] "GET /static/drf-yasg/swagger-ui-init.js HTTP/1.1" 200 14715
[30/Apr/2020 11:44:08] "GET /static/drf-yasg/swagger-ui-dist/swagger-ui-bundle.js HTTP/1.1" 200 957138
[30/Apr/2020 11:44:09] "GET /api/swagger/?format=openapi HTTP/1.1" 200 27008
[30/Apr/2020 11:44:10] "GET /api/swagger/?format=openapi HTTP/1.1" 200 27008
[30/Apr/2020 12:00:51] "OPTIONS /api/login/ HTTP/1.1" 200 0
[30/Apr/2020 12:00:51] "POST /api/login/ HTTP/1.1" 200 458
[30/Apr/2020 12:00:51] "POST /api/recommend_by_current_location HTTP/1.1" 200 4919
[30/Apr/2020 12:00:51] "OPTIONS /api/user_based_cf HTTP/1.1" 200 0
[30/Apr/2020 12:00:51] "OPTIONS /api/user_based_cf HTTP/1.1" 200 0
[30/Apr/2020 12:00:51] "POST /api/recommend_by_current_location HTTP/1.1" 200 2
[30/Apr/2020 12:00:52] "POST /api/recommend_by_current_location HTTP/1.1" 200 4919
[30/Apr/2020 12:00:52] "GET /api/user_based_cf HTTP/1.1" 200 11346
[30/Apr/2020 12:00:52] "GET /api/user_based_cf HTTP/1.1" 200 11346
[30/Apr/2020 12:00:54] "OPTIONS /api/stores/76200 HTTP/1.1" 200 0
[30/Apr/2020 12:00:54] "GET /api/stores/76200 HTTP/1.1" 200 1957
[30/Apr/2020 12:00:54] "GET /api/get_store_reviews_by_store_id/76200 HTTP/1.1" 200 19418
[30/Apr/2020 12:00:56] "GET /api/recommend_by_store_id/76200 HTTP/1.1" 200 8453
[30/Apr/2020 12:08:03] "POST /api/recommend_by_current_location HTTP/1.1" 200 4919
[30/Apr/2020 12:08:06] "OPTIONS /api/recommend_by_current_location HTTP/1.1" 200 0
[30/Apr/2020 12:08:06] "POST /api/recommend_by_current_location HTTP/1.1" 200 2
[30/Apr/2020 12:08:06] "POST /api/recommend_by_current_location HTTP/1.1" 200 4919
[30/Apr/2020 12:08:46] "POST /api/recommend_by_current_location HTTP/1.1" 200 4919
[30/Apr/2020 12:08:50] "POST /api/recommend_by_current_location HTTP/1.1" 200 4919
[30/Apr/2020 12:08:50] "POST /api/recommend_by_current_location HTTP/1.1" 200 2
[30/Apr/2020 12:08:50] "POST /api/recommend_by_current_location HTTP/1.1" 200 4919
[30/Apr/2020 12:08:58] "OPTIONS /api/recommend_by_current_location HTTP/1.1" 200 0
[30/Apr/2020 12:08:58] "POST /api/recommend_by_current_location HTTP/1.1" 200 1250
[30/Apr/2020 12:08:59] "POST /api/recommend_by_current_location HTTP/1.1" 200 4919
[30/Apr/2020 12:09:00] "OPTIONS /api/recommend_by_current_location HTTP/1.1" 200 0
[30/Apr/2020 12:09:00] "POST /api/recommend_by_current_location HTTP/1.1" 200 2
[30/Apr/2020 12:09:00] "POST /api/recommend_by_current_location HTTP/1.1" 200 4919
[30/Apr/2020 12:09:33] "OPTIONS /api/login/ HTTP/1.1" 200 0
[30/Apr/2020 12:09:33] "POST /api/login/ HTTP/1.1" 200 436
[30/Apr/2020 12:09:33] "OPTIONS /api/user_based_cf HTTP/1.1" 200 0
[30/Apr/2020 12:09:33] "GET /api/user_based_cf HTTP/1.1" 200 11418
[30/Apr/2020 12:10:22] "OPTIONS /api/set_user_category HTTP/1.1" 200 0
[30/Apr/2020 12:10:22] "POST /api/set_user_category HTTP/1.1" 200 28
[30/Apr/2020 12:10:51] "OPTIONS /api/stores/346836 HTTP/1.1" 200 0
[30/Apr/2020 12:10:51] "GET /api/stores/346836 HTTP/1.1" 200 1505
[30/Apr/2020 12:10:51] "GET /api/get_store_reviews_by_store_id/346836 HTTP/1.1" 200 27378
[30/Apr/2020 12:11:09] "GET /api/recommend_by_store_id/346836 HTTP/1.1" 200 4459
[30/Apr/2020 12:11:30] "OPTIONS /api/like_store HTTP/1.1" 200 0
[30/Apr/2020 12:11:30] "POST /api/like_store HTTP/1.1" 200 18
[30/Apr/2020 12:11:32] "OPTIONS /api/like_stores HTTP/1.1" 200 0
[30/Apr/2020 12:11:32] "GET /api/user_reviews?user=950340&page_size=1000 HTTP/1.1" 200 52
[30/Apr/2020 12:11:32] "GET /api/user_reviews?user=950340&page=1&append=false HTTP/1.1" 200 52
[30/Apr/2020 12:11:32] "GET /api/like_stores HTTP/1.1" 200 1219
[30/Apr/2020 12:11:32] "GET /api/user_reviews?user=950340&page=1&append=true HTTP/1.1" 200 52
[30/Apr/2020 12:11:33] "GET /api/user_reviews?user=950340&page=1&append=true HTTP/1.1" 200 52
[30/Apr/2020 12:11:34] "GET /api/user_reviews?user=950340&page=1&append=true HTTP/1.1" 200 52
[30/Apr/2020 12:11:35] "GET /api/user_reviews?user=950340&page=1&append=true HTTP/1.1" 200 52
[30/Apr/2020 12:11:37] "GET /api/user_reviews?user=950340&page=1&append=true HTTP/1.1" 200 52
[30/Apr/2020 12:11:38] "GET /api/user_reviews?user=950340&page=1&append=true HTTP/1.1" 200 52
[30/Apr/2020 12:11:39] "GET /api/user_reviews?user=950340&page=1&append=true HTTP/1.1" 200 52
[30/Apr/2020 12:11:40] "GET /api/user_reviews?user=950340&page=1&append=true HTTP/1.1" 200 52
[30/Apr/2020 12:11:41] "GET /api/user_reviews?user=950340&page=1&append=true HTTP/1.1" 200 52
[30/Apr/2020 12:11:42] "GET /api/user_reviews?user=950340&page=1&append=true HTTP/1.1" 200 52
[30/Apr/2020 12:11:43] "GET /api/user_reviews?user=950340&page=1&append=true HTTP/1.1" 200 52
[30/Apr/2020 12:11:44] "GET /api/user_reviews?user=950340&page=1&append=true HTTP/1.1" 200 52
[30/Apr/2020 12:11:45] "GET /api/user_reviews?user=950340&page=1&append=true HTTP/1.1" 200 52
[30/Apr/2020 12:11:46] "GET /api/user_reviews?user=950340&page=1&append=true HTTP/1.1" 200 52
[30/Apr/2020 12:11:47] "GET /api/user_reviews?user=950340&page=1&append=true HTTP/1.1" 200 52
[30/Apr/2020 12:11:48] "GET /api/user_reviews?user=950340&page=1&append=true HTTP/1.1" 200 52
[30/Apr/2020 12:11:49] "GET /api/user_reviews?user=950340&page=1&append=true HTTP/1.1" 200 52
[30/Apr/2020 12:11:51] "POST /api/recommend_by_current_location HTTP/1.1" 200 4919
[30/Apr/2020 12:11:51] "GET /api/user_based_cf HTTP/1.1" 200 11418
[30/Apr/2020 12:11:52] "POST /api/recommend_by_current_location HTTP/1.1" 200 1250
[30/Apr/2020 12:12:00] "POST /api/recommend_by_current_location HTTP/1.1" 200 4919
[30/Apr/2020 12:12:00] "GET /api/user_based_cf HTTP/1.1" 200 11418
[30/Apr/2020 12:12:02] "POST /api/recommend_by_current_location HTTP/1.1" 200 1250
[30/Apr/2020 12:13:33] "POST /api/recommend_by_current_location HTTP/1.1" 200 4919
[30/Apr/2020 12:13:34] "POST /api/recommend_by_current_location HTTP/1.1" 200 2
[30/Apr/2020 12:13:34] "POST /api/recommend_by_current_location HTTP/1.1" 200 4919
[30/Apr/2020 12:13:36] "POST /api/recommend_by_current_location HTTP/1.1" 200 4919
[30/Apr/2020 12:13:36] "POST /api/recommend_by_current_location HTTP/1.1" 200 2
[30/Apr/2020 12:13:36] "POST /api/recommend_by_current_location HTTP/1.1" 200 4919
[30/Apr/2020 12:14:16] "OPTIONS /api/token/verify/ HTTP/1.1" 200 0
[30/Apr/2020 12:14:16] "POST /api/recommend_by_current_location HTTP/1.1" 200 4919
[30/Apr/2020 12:14:16] "POST /api/token/verify/ HTTP/1.1" 200 227
[30/Apr/2020 12:14:17] "POST /api/recommend_by_current_location HTTP/1.1" 200 2
[30/Apr/2020 12:14:17] "POST /api/recommend_by_current_location HTTP/1.1" 200 4919
[30/Apr/2020 12:14:17] "GET /api/user_based_cf HTTP/1.1" 200 11346
[30/Apr/2020 12:14:18] "OPTIONS /api/stores/241525 HTTP/1.1" 200 0
[30/Apr/2020 12:14:18] "GET /api/get_store_reviews_by_store_id/241525 HTTP/1.1" 200 12545
[30/Apr/2020 12:14:18] "GET /api/stores/241525 HTTP/1.1" 200 975
[30/Apr/2020 12:14:20] "POST /api/recommend_by_current_location HTTP/1.1" 200 4919
[30/Apr/2020 12:14:20] "POST /api/recommend_by_current_location HTTP/1.1" 200 2
[30/Apr/2020 12:14:20] "POST /api/recommend_by_current_location HTTP/1.1" 200 4919
[30/Apr/2020 12:14:20] "GET /api/user_based_cf HTTP/1.1" 200 11346
[30/Apr/2020 12:14:21] "GET /api/recommend_by_store_id/241525 HTTP/1.1" 200 10857
[30/Apr/2020 12:14:21] "GET /api/stores/76200 HTTP/1.1" 200 1957
[30/Apr/2020 12:14:21] "GET /api/get_store_reviews_by_store_id/76200 HTTP/1.1" 200 19418
[30/Apr/2020 12:14:24] "GET /api/recommend_by_store_id/76200 HTTP/1.1" 200 11009
[30/Apr/2020 12:14:46] "POST /api/token/verify/ HTTP/1.1" 200 227
[30/Apr/2020 12:14:46] "POST /api/recommend_by_current_location HTTP/1.1" 200 4919
[30/Apr/2020 12:14:46] "POST /api/recommend_by_current_location HTTP/1.1" 200 2
[30/Apr/2020 12:14:46] "GET /api/user_based_cf HTTP/1.1" 200 11346
[30/Apr/2020 12:14:46] "POST /api/recommend_by_current_location HTTP/1.1" 200 4919
[30/Apr/2020 12:14:47] "OPTIONS /api/stores/267181 HTTP/1.1" 200 0
[30/Apr/2020 12:14:47] "GET /api/get_store_reviews_by_store_id/267181 HTTP/1.1" 200 9422
[30/Apr/2020 12:14:47] "GET /api/stores/267181 HTTP/1.1" 200 871
[30/Apr/2020 12:14:50] "GET /api/recommend_by_store_id/267181 HTTP/1.1" 200 3655
[30/Apr/2020 12:15:59] "POST /api/recommend_by_current_location HTTP/1.1" 200 4919
[30/Apr/2020 12:15:59] "POST /api/recommend_by_current_location HTTP/1.1" 200 2
[30/Apr/2020 12:15:59] "POST /api/recommend_by_current_location HTTP/1.1" 200 4919
[30/Apr/2020 12:15:59] "GET /api/user_based_cf HTTP/1.1" 200 11346
[30/Apr/2020 12:16:03] "OPTIONS /api/stores/276844 HTTP/1.1" 200 0
[30/Apr/2020 12:16:03] "GET /api/get_store_reviews_by_store_id/276844 HTTP/1.1" 200 3769
[30/Apr/2020 12:16:03] "GET /api/stores/276844 HTTP/1.1" 200 2158
[30/Apr/2020 12:16:05] "GET /api/recommend_by_store_id/276844 HTTP/1.1" 200 5907
[30/Apr/2020 13:02:40] "GET /api/get_store_reviews_by_store_id/118037 HTTP/1.1" 200 7251
[30/Apr/2020 13:02:40] "GET /api/stores/118037 HTTP/1.1" 200 790
[30/Apr/2020 13:02:41] "GET /api/stores/118037 HTTP/1.1" 200 790
[30/Apr/2020 13:02:41] "GET /api/get_store_reviews_by_store_id/118037 HTTP/1.1" 200 7251
[30/Apr/2020 13:02:43] "GET /api/recommend_by_store_id/118037 HTTP/1.1" 200 10848
[30/Apr/2020 13:02:45] "GET /api/recommend_by_store_id/118037 HTTP/1.1" 200 10848
/home/ubuntu/repos/s02p23d106/backend/api/views.py changed, reloading.
Validating models...

System check identified no issues (0 silenced).
April 30, 2020 - 07:10:12
Django version 2.2.7, using settings 'backend.settings'
Starting development server at https://0.0.0.0:8765/
Using SSL certificate: /etc/letsencrypt/live/django/cert.pem
Using SSL key: /etc/letsencrypt/live/django/privkey.pem
Quit the server with CONTROL-C.
221
221
118037
241525
241237
10
118037
118037
241525
278381
147283
20612
276844
449274
9
12
145030
214585
221
221
2476
2476
145030
145030
145030
147283
118037
198430
2476
95034
zxcv
76200
2476
76200
346836
241525
76200
267181
276844
118037
118037
Watching for file changes with StatReloader
[30/Apr/2020 13:07:18] "POST /api/token/verify/ HTTP/1.1" 200 227
[30/Apr/2020 13:07:18] "POST /api/recommend_by_current_location HTTP/1.1" 200 4491
[30/Apr/2020 13:07:18] "POST /api/recommend_by_current_location HTTP/1.1" 200 2
[30/Apr/2020 13:07:18] "GET /api/user_based_cf HTTP/1.1" 200 11346
[30/Apr/2020 13:07:19] "POST /api/recommend_by_current_location HTTP/1.1" 200 4491
[30/Apr/2020 13:07:20] "GET /api/get_store_reviews_by_store_id/276844 HTTP/1.1" 200 3769
[30/Apr/2020 13:07:20] "GET /api/stores/276844 HTTP/1.1" 200 2158
[30/Apr/2020 13:07:23] "GET /api/recommend_by_store_id/276844 HTTP/1.1" 200 5907
[30/Apr/2020 13:07:25] "POST /api/recommend_by_current_location HTTP/1.1" 200 4491
[30/Apr/2020 13:07:25] "POST /api/recommend_by_current_location HTTP/1.1" 200 4491
[30/Apr/2020 13:07:26] "POST /api/recommend_by_current_location HTTP/1.1" 200 2
[30/Apr/2020 13:07:26] "POST /api/recommend_by_current_location HTTP/1.1" 200 4491
[30/Apr/2020 13:07:27] "OPTIONS /api/stores/180739 HTTP/1.1" 200 0
[30/Apr/2020 13:07:27] "GET /api/get_store_reviews_by_store_id/180739 HTTP/1.1" 200 5645
Unauthorized: /api/stores/180739
[30/Apr/2020 13:07:27] "GET /api/stores/180739 HTTP/1.1" 401 38
[30/Apr/2020 13:07:30] "GET /api/recommend_by_store_id/180739 HTTP/1.1" 200 2834
[30/Apr/2020 13:08:51] "POST /api/recommend_by_current_location HTTP/1.1" 200 4491
[30/Apr/2020 13:08:51] "POST /api/recommend_by_current_location HTTP/1.1" 200 2
[30/Apr/2020 13:08:51] "POST /api/recommend_by_current_location HTTP/1.1" 200 4491
[30/Apr/2020 13:10:15] "OPTIONS /api/store_info/118037 HTTP/1.1" 200 0
[30/Apr/2020 13:10:15] "GET /api/get_store_reviews_by_store_id/118037 HTTP/1.1" 200 7251
[30/Apr/2020 13:10:15] "OPTIONS /api/store_info/118037 HTTP/1.1" 200 0
[30/Apr/2020 13:10:15] "GET /api/store_info/118037 HTTP/1.1" 200 790
[30/Apr/2020 13:10:15] "GET /api/get_store_reviews_by_store_id/118037 HTTP/1.1" 200 7251
[30/Apr/2020 13:10:15] "GET /api/store_info/118037 HTTP/1.1" 200 790
[30/Apr/2020 13:10:17] "GET /api/recommend_by_store_id/118037 HTTP/1.1" 200 10848
[30/Apr/2020 13:10:19] "GET /api/recommend_by_store_id/118037 HTTP/1.1" 200 10848
[30/Apr/2020 13:12:01] "POST /api/recommend_by_current_location HTTP/1.1" 200 4491
[30/Apr/2020 13:12:01] "POST /api/recommend_by_current_location HTTP/1.1" 200 2
[30/Apr/2020 13:12:01] "POST /api/recommend_by_current_location HTTP/1.1" 200 4491
[30/Apr/2020 13:12:04] "OPTIONS /api/store_info/180739 HTTP/1.1" 200 0
[30/Apr/2020 13:12:04] "GET /api/get_store_reviews_by_store_id/180739 HTTP/1.1" 200 5645
[30/Apr/2020 13:12:04] "GET /api/store_info/180739 HTTP/1.1" 200 668
[30/Apr/2020 13:12:06] "GET /api/recommend_by_store_id/180739 HTTP/1.1" 200 2834
[30/Apr/2020 13:12:40] "POST /api/recommend_by_current_location HTTP/1.1" 200 4491
[30/Apr/2020 13:12:40] "POST /api/recommend_by_current_location HTTP/1.1" 200 2
[30/Apr/2020 13:12:40] "POST /api/recommend_by_current_location HTTP/1.1" 200 4491
[30/Apr/2020 13:12:43] "GET /api/store_info/180739 HTTP/1.1" 200 668
[30/Apr/2020 13:12:43] "GET /api/get_store_reviews_by_store_id/180739 HTTP/1.1" 200 5645
[30/Apr/2020 13:12:45] "POST /api/recommend_by_current_location HTTP/1.1" 200 4491
[30/Apr/2020 13:12:45] "POST /api/recommend_by_current_location HTTP/1.1" 200 2
[30/Apr/2020 13:12:45] "GET /api/recommend_by_store_id/180739 HTTP/1.1" 200 2834
[30/Apr/2020 13:12:45] "POST /api/recommend_by_current_location HTTP/1.1" 200 4491
[30/Apr/2020 13:12:48] "OPTIONS /api/store_info/243017 HTTP/1.1" 200 0
[30/Apr/2020 13:12:48] "GET /api/get_store_reviews_by_store_id/243017 HTTP/1.1" 200 6203
[30/Apr/2020 13:12:48] "GET /api/store_info/243017 HTTP/1.1" 200 340
[30/Apr/2020 13:12:50] "GET /api/recommend_by_store_id/243017 HTTP/1.1" 200 2251
[30/Apr/2020 13:17:34] "POST /api/recommend_by_current_location HTTP/1.1" 200 4491
[30/Apr/2020 13:17:35] "OPTIONS /api/recommend_by_current_location HTTP/1.1" 200 0
[30/Apr/2020 13:17:35] "POST /api/recommend_by_current_location HTTP/1.1" 200 2
[30/Apr/2020 13:17:35] "POST /api/recommend_by_current_location HTTP/1.1" 200 4491
[30/Apr/2020 13:17:50] "OPTIONS /api/store_info/180739 HTTP/1.1" 200 0
[30/Apr/2020 13:17:50] "GET /api/get_store_reviews_by_store_id/180739 HTTP/1.1" 200 5645
[30/Apr/2020 13:17:50] "GET /api/store_info/180739 HTTP/1.1" 200 668
[30/Apr/2020 13:17:52] "GET /api/recommend_by_store_id/180739 HTTP/1.1" 200 2834
[30/Apr/2020 13:17:58] "OPTIONS /api/store_info/4999 HTTP/1.1" 200 0
[30/Apr/2020 13:17:58] "GET /api/get_store_reviews_by_store_id/4999 HTTP/1.1" 200 2
[30/Apr/2020 13:17:58] "GET /api/store_info/4999 HTTP/1.1" 200 493
[30/Apr/2020 13:18:00] "GET /api/recommend_by_store_id/4999 HTTP/1.1" 200 2836
[30/Apr/2020 13:18:02] "OPTIONS /api/store_info/66736 HTTP/1.1" 200 0
[30/Apr/2020 13:18:02] "GET /api/get_store_reviews_by_store_id/66736 HTTP/1.1" 200 274
[30/Apr/2020 13:18:02] "GET /api/store_info/66736 HTTP/1.1" 200 644
[30/Apr/2020 13:18:04] "GET /api/recommend_by_store_id/66736 HTTP/1.1" 200 2835
[30/Apr/2020 13:35:29] "POST /api/recommend_by_current_location HTTP/1.1" 200 4491
[30/Apr/2020 13:35:29] "POST /api/recommend_by_current_location HTTP/1.1" 200 2
[30/Apr/2020 13:35:29] "POST /api/recommend_by_current_location HTTP/1.1" 200 4491
[30/Apr/2020 13:35:34] "GET /api/trend_by_tob HTTP/1.1" 200 52630
[30/Apr/2020 13:35:34] "GET /api/compare_with_chain HTTP/1.1" 200 527
[30/Apr/2020 13:35:34] "GET /api/district_by_age_time HTTP/1.1" 200 933
[30/Apr/2020 13:35:34] "GET /api/generation_consumption HTTP/1.1" 200 1500
[30/Apr/2020 13:35:37] "GET /api/trend_by_tob HTTP/1.1" 200 52630
[30/Apr/2020 13:35:38] "GET /api/compare_with_chain HTTP/1.1" 200 527
[30/Apr/2020 13:35:38] "GET /api/district_by_age_time HTTP/1.1" 200 933
[30/Apr/2020 13:35:38] "GET /api/generation_consumption HTTP/1.1" 200 1500
[30/Apr/2020 13:35:55] "GET /api/trend_by_tob HTTP/1.1" 200 52630
[30/Apr/2020 13:35:55] "GET /api/compare_with_chain HTTP/1.1" 200 527
[30/Apr/2020 13:35:55] "GET /api/district_by_age_time HTTP/1.1" 200 933
[30/Apr/2020 13:35:55] "GET /api/generation_consumption HTTP/1.1" 200 1500
[30/Apr/2020 13:35:57] "GET /api/trend_by_tob HTTP/1.1" 200 52630
[30/Apr/2020 13:35:57] "GET /api/compare_with_chain HTTP/1.1" 200 527
[30/Apr/2020 13:35:57] "GET /api/district_by_age_time HTTP/1.1" 200 933
[30/Apr/2020 13:35:57] "GET /api/generation_consumption HTTP/1.1" 200 1500
[30/Apr/2020 13:35:59] "GET /api/trend_by_tob HTTP/1.1" 200 52630
[30/Apr/2020 13:35:59] "GET /api/compare_with_chain HTTP/1.1" 200 527
[30/Apr/2020 13:35:59] "GET /api/district_by_age_time HTTP/1.1" 200 933
[30/Apr/2020 13:35:59] "GET /api/generation_consumption HTTP/1.1" 200 1500
[30/Apr/2020 13:38:52] "POST /api/recommend_by_current_location HTTP/1.1" 200 4491
[30/Apr/2020 13:39:00] "GET /api/get_store_reviews_by_store_id/2476 HTTP/1.1" 200 2535
[30/Apr/2020 13:39:00] "OPTIONS /api/store_info/2476 HTTP/1.1" 200 0
[30/Apr/2020 13:39:00] "GET /api/store_info/2476 HTTP/1.1" 200 1137
[30/Apr/2020 13:39:02] "GET /api/recommend_by_store_id/2476 HTTP/1.1" 200 10958
[30/Apr/2020 13:39:02] "OPTIONS /api/recommend_by_current_location HTTP/1.1" 200 0
[30/Apr/2020 13:39:02] "POST /api/recommend_by_current_location HTTP/1.1" 200 2
[30/Apr/2020 13:39:03] "POST /api/recommend_by_current_location HTTP/1.1" 200 4491
Not Found: /api/store_info
[30/Apr/2020 13:39:05] "GET /api/store_info?name=&page=1&append=false HTTP/1.1" 404 14186
[30/Apr/2020 13:39:11] "OPTIONS /api/search_store HTTP/1.1" 200 0
[30/Apr/2020 13:39:17] "POST /api/search_store HTTP/1.1" 200 12390
[30/Apr/2020 13:39:22] "POST /api/search_store HTTP/1.1" 200 14302
[30/Apr/2020 13:39:25] "POST /api/search_store HTTP/1.1" 200 36875
[30/Apr/2020 13:39:26] "POST /api/search_store HTTP/1.1" 200 36739
[30/Apr/2020 13:39:28] "POST /api/search_store HTTP/1.1" 200 94583
[30/Apr/2020 13:39:34] "OPTIONS /api/store_info/3745 HTTP/1.1" 200 0
[30/Apr/2020 13:39:34] "GET /api/get_store_reviews_by_store_id/3745 HTTP/1.1" 200 2
[30/Apr/2020 13:39:34] "GET /api/store_info/3745 HTTP/1.1" 200 348
[30/Apr/2020 13:39:36] "GET /api/recommend_by_store_id/3745 HTTP/1.1" 200 9894
[30/Apr/2020 13:39:49] "OPTIONS /api/login/ HTTP/1.1" 200 0
[30/Apr/2020 13:39:49] "POST /api/login/ HTTP/1.1" 200 458
[30/Apr/2020 13:39:49] "POST /api/recommend_by_current_location HTTP/1.1" 200 4491
[30/Apr/2020 13:39:49] "OPTIONS /api/user_based_cf HTTP/1.1" 200 0
[30/Apr/2020 13:39:49] "GET /api/user_based_cf HTTP/1.1" 200 11346
[30/Apr/2020 13:39:49] "POST /api/recommend_by_current_location HTTP/1.1" 200 2
[30/Apr/2020 13:39:49] "GET /api/user_based_cf HTTP/1.1" 200 11346
[30/Apr/2020 13:39:50] "POST /api/recommend_by_current_location HTTP/1.1" 200 4491
[30/Apr/2020 13:39:56] "GET /api/trend_by_tob HTTP/1.1" 200 52630
[30/Apr/2020 13:39:56] "GET /api/compare_with_chain HTTP/1.1" 200 527
[30/Apr/2020 13:39:56] "GET /api/district_by_age_time HTTP/1.1" 200 933
[30/Apr/2020 13:39:56] "GET /api/generation_consumption HTTP/1.1" 200 1500
[30/Apr/2020 13:40:00] "POST /api/recommend_by_current_location HTTP/1.1" 200 4491
[30/Apr/2020 13:40:01] "POST /api/recommend_by_current_location HTTP/1.1" 200 2
[30/Apr/2020 13:40:01] "GET /api/user_based_cf HTTP/1.1" 200 11346
[30/Apr/2020 13:40:01] "POST /api/recommend_by_current_location HTTP/1.1" 200 4491
[30/Apr/2020 13:40:03] "GET /api/trend_by_tob HTTP/1.1" 200 52630
[30/Apr/2020 13:40:03] "GET /api/compare_with_chain HTTP/1.1" 200 527
[30/Apr/2020 13:40:03] "GET /api/district_by_age_time HTTP/1.1" 200 933
[30/Apr/2020 13:40:03] "GET /api/generation_consumption HTTP/1.1" 200 1500
[30/Apr/2020 13:40:13] "POST /api/recommend_by_current_location HTTP/1.1" 200 4491
[30/Apr/2020 13:40:13] "POST /api/recommend_by_current_location HTTP/1.1" 200 2
[30/Apr/2020 13:40:14] "GET /api/user_based_cf HTTP/1.1" 200 11346
[30/Apr/2020 13:40:14] "POST /api/recommend_by_current_location HTTP/1.1" 200 4491
[30/Apr/2020 13:40:23] "OPTIONS /api/like_stores HTTP/1.1" 200 0
/usr/local/lib/python3.6/dist-packages/rest_framework/pagination.py:200: UnorderedObjectListWarning: Pagination may yield inconsistent results with an unordered object_list: <class 'api.models.Review'> QuerySet.
  paginator = self.django_paginator_class(queryset, page_size)
[30/Apr/2020 13:40:23] "GET /api/user_reviews?user=950337&page_size=1000 HTTP/1.1" 200 1884
[30/Apr/2020 13:40:23] "GET /api/user_reviews?user=950337&page=1&append=false HTTP/1.1" 200 1884
[30/Apr/2020 13:40:23] "GET /api/like_stores HTTP/1.1" 200 2359
[30/Apr/2020 13:40:45] "OPTIONS /api/token/verify/ HTTP/1.1" 200 0
[30/Apr/2020 13:40:45] "POST /api/token/verify/ HTTP/1.1" 200 227
[30/Apr/2020 13:40:45] "POST /api/recommend_by_current_location HTTP/1.1" 200 4491
[30/Apr/2020 13:40:45] "GET /api/user_based_cf HTTP/1.1" 200 11346
[30/Apr/2020 13:40:45] "POST /api/recommend_by_current_location HTTP/1.1" 200 2
[30/Apr/2020 13:40:46] "POST /api/recommend_by_current_location HTTP/1.1" 200 4491
[30/Apr/2020 13:40:51] "GET /api/user_reviews?user=950337&page_size=1000 HTTP/1.1" 200 1884
[30/Apr/2020 13:40:52] "GET /api/like_stores HTTP/1.1" 200 2359
[30/Apr/2020 13:40:52] "GET /api/user_reviews?user=950337&page=1&append=false HTTP/1.1" 200 1884
[30/Apr/2020 13:40:58] "POST /api/recommend_by_current_location HTTP/1.1" 200 4491
[30/Apr/2020 13:40:59] "GET /api/user_based_cf HTTP/1.1" 200 11346
[30/Apr/2020 13:41:06] "POST /api/recommend_by_current_location HTTP/1.1" 200 2
[30/Apr/2020 13:41:06] "POST /api/recommend_by_current_location HTTP/1.1" 200 4491
Not Found: /api/store_info
[30/Apr/2020 13:41:32] "GET /api/store_info?page=1&append=true&page_size=10&reset=true HTTP/1.1" 404 14207
[30/Apr/2020 13:41:37] "GET /api/user_reviews?page=1&append=true&page_size=10&reset=true HTTP/1.1" 200 6078
[30/Apr/2020 13:41:37] "GET /api/user_reviews?page=1&append=true&page_size=10&reset=true HTTP/1.1" 200 6078
[30/Apr/2020 13:41:41] "GET /api/user_reviews?page=1&append=true&page_size=10&reset=true HTTP/1.1" 200 6078
[30/Apr/2020 13:41:41] "OPTIONS /api/all_user HTTP/1.1" 200 0
[30/Apr/2020 13:41:43] "GET /api/all_user HTTP/1.1" 200 2254507
Not Found: /api/store_info
[30/Apr/2020 13:41:45] "GET /api/store_info?page=1&append=true&page_size=10&reset=true HTTP/1.1" 404 14207
[30/Apr/2020 13:41:57] "POST /api/recommend_by_current_location HTTP/1.1" 200 4491
[30/Apr/2020 13:41:57] "POST /api/recommend_by_current_location HTTP/1.1" 200 2
[30/Apr/2020 13:41:57] "GET /api/user_based_cf HTTP/1.1" 200 11346
[30/Apr/2020 13:41:57] "POST /api/recommend_by_current_location HTTP/1.1" 200 4491
[30/Apr/2020 13:42:03] "GET /api/trend_by_tob HTTP/1.1" 200 52630
[30/Apr/2020 13:42:03] "GET /api/compare_with_chain HTTP/1.1" 200 527
[30/Apr/2020 13:42:03] "GET /api/district_by_age_time HTTP/1.1" 200 933
[30/Apr/2020 13:42:03] "GET /api/generation_consumption HTTP/1.1" 200 1500
[30/Apr/2020 13:42:05] "GET /api/trend_by_tob HTTP/1.1" 200 52630
[30/Apr/2020 13:42:05] "GET /api/compare_with_chain HTTP/1.1" 200 527
[30/Apr/2020 13:42:05] "GET /api/district_by_age_time HTTP/1.1" 200 933
[30/Apr/2020 13:42:05] "GET /api/generation_consumption HTTP/1.1" 200 1500
[30/Apr/2020 13:42:32] "POST /api/recommend_by_current_location HTTP/1.1" 200 4491
[30/Apr/2020 13:42:32] "POST /api/recommend_by_current_location HTTP/1.1" 200 2
[30/Apr/2020 13:42:32] "GET /api/user_based_cf HTTP/1.1" 200 11346
[30/Apr/2020 13:42:32] "POST /api/recommend_by_current_location HTTP/1.1" 200 4491
[30/Apr/2020 13:42:39] "GET /api/get_store_reviews_by_store_id/241525 HTTP/1.1" 200 12545
[30/Apr/2020 13:42:39] "OPTIONS /api/store_info/241525 HTTP/1.1" 200 0
[30/Apr/2020 13:42:39] "GET /api/store_info/241525 HTTP/1.1" 200 975
[30/Apr/2020 13:42:41] "GET /api/recommend_by_store_id/241525 HTTP/1.1" 200 10857
[30/Apr/2020 13:42:41] "OPTIONS /api/like_store HTTP/1.1" 200 0
[30/Apr/2020 13:42:42] "POST /api/like_store HTTP/1.1" 200 18
[30/Apr/2020 13:42:57] "OPTIONS /api/store_reviews HTTP/1.1" 200 0
[30/Apr/2020 13:42:57] "POST /api/store_reviews HTTP/1.1" 200 15
[30/Apr/2020 13:42:58] "GET /api/get_store_reviews_by_store_id/241525 HTTP/1.1" 200 12772
[30/Apr/2020 13:43:00] "GET /api/get_store_reviews_by_store_id/242244 HTTP/1.1" 200 2
[30/Apr/2020 13:43:00] "OPTIONS /api/store_info/242244 HTTP/1.1" 200 0
[30/Apr/2020 13:43:00] "GET /api/store_info/242244 HTTP/1.1" 200 980
[30/Apr/2020 13:43:02] "GET /api/recommend_by_store_id/242244 HTTP/1.1" 200 9142
[30/Apr/2020 13:43:03] "GET /api/user_reviews?user=950337&page_size=1000 HTTP/1.1" 200 2111
[30/Apr/2020 13:43:03] "GET /api/user_reviews?user=950337&page=1&append=false HTTP/1.1" 200 2111
[30/Apr/2020 13:43:03] "GET /api/like_stores HTTP/1.1" 200 2917
[30/Apr/2020 13:43:07] "GET /api/user_reviews?user=950337&page_size=1000 HTTP/1.1" 200 2111
[30/Apr/2020 13:43:08] "GET /api/user_reviews?user=950337&page_size=1000 HTTP/1.1" 200 2111
[30/Apr/2020 13:43:12] "OPTIONS /api/store_info/249786 HTTP/1.1" 200 0
[30/Apr/2020 13:43:12] "GET /api/get_store_reviews_by_store_id/249786 HTTP/1.1" 200 4531
[30/Apr/2020 13:43:12] "GET /api/store_info/249786 HTTP/1.1" 200 357
[30/Apr/2020 13:43:14] "GET /api/recommend_by_store_id/249786 HTTP/1.1" 200 3002
[30/Apr/2020 13:43:14] "GET /api/user_reviews?user=950337&page=1&append=false HTTP/1.1" 200 2111
[30/Apr/2020 13:43:14] "GET /api/user_reviews?user=950337&page_size=1000 HTTP/1.1" 200 2111
[30/Apr/2020 13:43:14] "GET /api/like_stores HTTP/1.1" 200 2917
[30/Apr/2020 13:43:21] "POST /api/recommend_by_current_location HTTP/1.1" 200 4491
[30/Apr/2020 13:43:21] "POST /api/recommend_by_current_location HTTP/1.1" 200 2
[30/Apr/2020 13:43:21] "GET /api/user_based_cf HTTP/1.1" 200 11346
[30/Apr/2020 13:43:21] "POST /api/recommend_by_current_location HTTP/1.1" 200 4491
Not Found: /api/store_info
[30/Apr/2020 13:43:34] "GET /api/store_info?name=%EC%B9%98%ED%82%A8&page=1&append=false HTTP/1.1" 404 14204
Not Found: /api/store_info
[30/Apr/2020 13:43:40] "GET /api/store_info?name=%ED%94%BC%EC%9E%90&page=1&append=false HTTP/1.1" 404 14204
Not Found: /api/store_info
[30/Apr/2020 13:43:48] "GET /api/store_info?name=%EC%B9%98%ED%82%A8&page=1&append=false HTTP/1.1" 404 14204
[30/Apr/2020 13:44:27] "POST /api/search_store HTTP/1.1" 200 2
[30/Apr/2020 13:44:36] "POST /api/recommend_by_current_location HTTP/1.1" 200 4491
[30/Apr/2020 13:44:36] "POST /api/recommend_by_current_location HTTP/1.1" 200 2
[30/Apr/2020 13:44:36] "GET /api/user_based_cf HTTP/1.1" 200 11346
[30/Apr/2020 13:44:37] "POST /api/recommend_by_current_location HTTP/1.1" 200 4491
Not Found: /api/store_info
[30/Apr/2020 13:44:39] "GET /api/store_info?name=&page=1&append=false HTTP/1.1" 404 14186
[30/Apr/2020 13:44:41] "POST /api/recommend_by_current_location HTTP/1.1" 200 4491
[30/Apr/2020 13:44:42] "POST /api/recommend_by_current_location HTTP/1.1" 200 4491
[30/Apr/2020 13:44:42] "POST /api/recommend_by_current_location HTTP/1.1" 200 2
[30/Apr/2020 13:44:42] "POST /api/recommend_by_current_location HTTP/1.1" 200 4491
Not Found: /api/store_info
[30/Apr/2020 13:44:47] "GET /api/store_info?name=&page=1&append=false HTTP/1.1" 404 14186
[30/Apr/2020 13:44:48] "POST /api/recommend_by_current_location HTTP/1.1" 200 4491
[30/Apr/2020 13:44:48] "POST /api/recommend_by_current_location HTTP/1.1" 200 2
[30/Apr/2020 13:44:48] "POST /api/recommend_by_current_location HTTP/1.1" 200 4491
[30/Apr/2020 13:44:56] "POST /api/login/ HTTP/1.1" 200 458
[30/Apr/2020 13:44:57] "GET /api/user_based_cf HTTP/1.1" 200 11346
Not Found: /api/store_info
[30/Apr/2020 13:45:17] "GET /api/store_info?name=%EC%B9%98%ED%82%A8&page=1&append=false HTTP/1.1" 404 14204
[30/Apr/2020 13:45:30] "POST /api/recommend_by_current_location HTTP/1.1" 200 4491
[30/Apr/2020 13:45:30] "POST /api/recommend_by_current_location HTTP/1.1" 200 2
[30/Apr/2020 13:45:30] "GET /api/user_based_cf HTTP/1.1" 200 11346
[30/Apr/2020 13:45:31] "POST /api/recommend_by_current_location HTTP/1.1" 200 4491
Not Found: /api/store_info
[30/Apr/2020 13:46:13] "GET /api/store_info?name=%EC%B9%98%ED%82%A8&page=1&append=false HTTP/1.1" 404 14204
[30/Apr/2020 13:46:37] "POST /api/search_store HTTP/1.1" 200 19176
[30/Apr/2020 13:46:43] "POST /api/search_store HTTP/1.1" 200 1149
Not Found: /api/store_info
[30/Apr/2020 13:46:47] "GET /api/store_info?name=%EC%B9%98%ED%82%A8&page=1&append=false HTTP/1.1" 404 14204
Not Found: /api/store_info
[30/Apr/2020 13:46:52] "GET /api/store_info?name=%EA%B3%A0%EA%B5%AC%EB%A7%88&page=1&append=false HTTP/1.1" 404 14213
[30/Apr/2020 13:46:55] "POST /api/recommend_by_current_location HTTP/1.1" 200 4491
[30/Apr/2020 13:46:55] "POST /api/recommend_by_current_location HTTP/1.1" 200 2
[30/Apr/2020 13:46:55] "GET /api/user_based_cf HTTP/1.1" 200 11346
[30/Apr/2020 13:46:55] "POST /api/recommend_by_current_location HTTP/1.1" 200 4491
[30/Apr/2020 13:47:14] "POST /api/recommend_by_current_location HTTP/1.1" 200 4491
[30/Apr/2020 13:47:15] "POST /api/recommend_by_current_location HTTP/1.1" 200 2
[30/Apr/2020 13:47:15] "POST /api/recommend_by_current_location HTTP/1.1" 200 4491
Not Found: /api/store_info
[30/Apr/2020 13:47:15] "GET /api/store_info?name=&page=1&append=false HTTP/1.1" 404 14186
[30/Apr/2020 13:47:18] "GET /api/get_store_reviews_by_store_id/2476 HTTP/1.1" 200 2535
[30/Apr/2020 13:47:18] "GET /api/store_info/2476 HTTP/1.1" 200 1137
[30/Apr/2020 13:47:20] "GET /api/recommend_by_store_id/2476 HTTP/1.1" 200 10958
[30/Apr/2020 13:47:25] "POST /api/login/ HTTP/1.1" 200 458
[30/Apr/2020 13:47:25] "POST /api/recommend_by_current_location HTTP/1.1" 200 4491
[30/Apr/2020 13:47:25] "GET /api/user_based_cf HTTP/1.1" 200 11346
[30/Apr/2020 13:47:26] "GET /api/user_based_cf HTTP/1.1" 200 11346
[30/Apr/2020 13:47:26] "POST /api/recommend_by_current_location HTTP/1.1" 200 2
[30/Apr/2020 13:47:26] "POST /api/recommend_by_current_location HTTP/1.1" 200 4491
[30/Apr/2020 13:47:28] "POST /api/login/ HTTP/1.1" 200 458
[30/Apr/2020 13:47:28] "POST /api/recommend_by_current_location HTTP/1.1" 200 4491
[30/Apr/2020 13:47:28] "OPTIONS /api/recommend_by_current_location HTTP/1.1" 200 0
[30/Apr/2020 13:47:28] "GET /api/user_based_cf HTTP/1.1" 200 11346
[30/Apr/2020 13:47:28] "POST /api/recommend_by_current_location HTTP/1.1" 200 2
[30/Apr/2020 13:47:28] "GET /api/user_based_cf HTTP/1.1" 200 11346
[30/Apr/2020 13:47:28] "POST /api/recommend_by_current_location HTTP/1.1" 200 4491
Not Found: /api/store_info
[30/Apr/2020 13:47:30] "GET /api/store_info?name=&page=1&append=false HTTP/1.1" 404 14186
[30/Apr/2020 13:47:31] "POST /api/token/verify/ HTTP/1.1" 200 227
[30/Apr/2020 13:47:31] "POST /api/recommend_by_current_location HTTP/1.1" 200 4491
[30/Apr/2020 13:47:32] "POST /api/recommend_by_current_location HTTP/1.1" 200 2
[30/Apr/2020 13:47:32] "GET /api/user_based_cf HTTP/1.1" 200 11346
[30/Apr/2020 13:47:32] "POST /api/recommend_by_current_location HTTP/1.1" 200 4491
Not Found: /api/store_info
[30/Apr/2020 13:47:44] "GET /api/store_info?page=1&append=true&page_size=10&reset=true HTTP/1.1" 404 14207
Not Found: /api/store_info
[30/Apr/2020 13:47:59] "GET /api/store_info?name=&page=1&append=false HTTP/1.1" 404 14186
[30/Apr/2020 13:48:02] "POST /api/recommend_by_current_location HTTP/1.1" 200 4491
[30/Apr/2020 13:48:02] "POST /api/recommend_by_current_location HTTP/1.1" 200 2
[30/Apr/2020 13:48:02] "GET /api/user_based_cf HTTP/1.1" 200 11346
[30/Apr/2020 13:48:02] "POST /api/recommend_by_current_location HTTP/1.1" 200 4491
Not Found: /api/store_info
[30/Apr/2020 13:48:06] "GET /api/store_info?name=%ED%94%BC%EC%9E%90&page=1&append=false HTTP/1.1" 404 14204
Not Found: /api/store_info
[30/Apr/2020 13:48:20] "GET /api/store_info?name=%ED%94%BC%EC%9E%90&page=1&append=false HTTP/1.1" 404 14204
[30/Apr/2020 13:48:29] "POST /api/token/verify/ HTTP/1.1" 200 227
[30/Apr/2020 13:48:29] "POST /api/recommend_by_current_location HTTP/1.1" 200 4491
[30/Apr/2020 13:48:30] "GET /api/user_based_cf HTTP/1.1" 200 11346
[30/Apr/2020 13:48:30] "POST /api/recommend_by_current_location HTTP/1.1" 200 2
[30/Apr/2020 13:48:30] "POST /api/recommend_by_current_location HTTP/1.1" 200 4491
[30/Apr/2020 13:48:37] "POST /api/token/verify/ HTTP/1.1" 200 227
[30/Apr/2020 13:48:37] "POST /api/recommend_by_current_location HTTP/1.1" 200 4491
[30/Apr/2020 13:48:37] "GET /api/user_based_cf HTTP/1.1" 200 11346
[30/Apr/2020 13:48:37] "POST /api/recommend_by_current_location HTTP/1.1" 200 2
[30/Apr/2020 13:48:38] "POST /api/recommend_by_current_location HTTP/1.1" 200 4491
[30/Apr/2020 13:48:43] "POST /api/token/verify/ HTTP/1.1" 200 227
[30/Apr/2020 13:48:43] "POST /api/recommend_by_current_location HTTP/1.1" 200 4491
[30/Apr/2020 13:48:43] "POST /api/recommend_by_current_location HTTP/1.1" 200 2
[30/Apr/2020 13:48:43] "GET /api/user_based_cf HTTP/1.1" 200 11346
[30/Apr/2020 13:48:44] "POST /api/recommend_by_current_location HTTP/1.1" 200 4491
[30/Apr/2020 13:48:44] "GET /api/user_reviews?user=950337&page_size=1000 HTTP/1.1" 200 2111
[30/Apr/2020 13:48:44] "GET /api/like_stores HTTP/1.1" 200 2917
[30/Apr/2020 13:48:44] "GET /api/user_reviews?user=950337&page=1&append=false HTTP/1.1" 200 2111
[30/Apr/2020 13:48:51] "POST /api/token/verify/ HTTP/1.1" 200 227
[30/Apr/2020 13:48:52] "POST /api/recommend_by_current_location HTTP/1.1" 200 4491
[30/Apr/2020 13:48:52] "POST /api/recommend_by_current_location HTTP/1.1" 200 2
[30/Apr/2020 13:48:52] "GET /api/user_based_cf HTTP/1.1" 200 11346
[30/Apr/2020 13:48:52] "POST /api/recommend_by_current_location HTTP/1.1" 200 4491
[30/Apr/2020 13:49:08] "POST /api/token/verify/ HTTP/1.1" 200 227
[30/Apr/2020 13:49:08] "POST /api/recommend_by_current_location HTTP/1.1" 200 4491
[30/Apr/2020 13:49:08] "POST /api/recommend_by_current_location HTTP/1.1" 200 2
[30/Apr/2020 13:49:08] "GET /api/user_based_cf HTTP/1.1" 200 11346
[30/Apr/2020 13:49:09] "POST /api/recommend_by_current_location HTTP/1.1" 200 4491
[30/Apr/2020 13:49:37] "POST /api/token/verify/ HTTP/1.1" 200 227
[30/Apr/2020 13:49:37] "POST /api/recommend_by_current_location HTTP/1.1" 200 4491
[30/Apr/2020 13:49:37] "POST /api/recommend_by_current_location HTTP/1.1" 200 2
[30/Apr/2020 13:49:37] "GET /api/user_based_cf HTTP/1.1" 200 11346
[30/Apr/2020 13:49:37] "POST /api/recommend_by_current_location HTTP/1.1" 200 4491
Not Found: /api/store_info
[30/Apr/2020 13:49:39] "GET /api/store_info?name=&page=1&append=false HTTP/1.1" 404 14186
[30/Apr/2020 13:51:07] "POST /api/recommend_by_current_location HTTP/1.1" 200 4491
[30/Apr/2020 13:51:07] "POST /api/recommend_by_current_location HTTP/1.1" 200 2
[30/Apr/2020 13:51:08] "GET /api/user_based_cf HTTP/1.1" 200 11346
[30/Apr/2020 13:51:08] "POST /api/recommend_by_current_location HTTP/1.1" 200 4491
[30/Apr/2020 13:53:36] "POST /api/token/verify/ HTTP/1.1" 200 227
[30/Apr/2020 13:53:36] "POST /api/recommend_by_current_location HTTP/1.1" 200 4491
[30/Apr/2020 13:53:36] "POST /api/recommend_by_current_location HTTP/1.1" 200 2
[30/Apr/2020 13:53:36] "GET /api/user_based_cf HTTP/1.1" 200 11346
[30/Apr/2020 13:53:37] "POST /api/recommend_by_current_location HTTP/1.1" 200 4491
[30/Apr/2020 13:55:25] "POST /api/recommend_by_current_location HTTP/1.1" 200 4491
[30/Apr/2020 13:55:25] "POST /api/recommend_by_current_location HTTP/1.1" 200 2
[30/Apr/2020 13:55:25] "POST /api/recommend_by_current_location HTTP/1.1" 200 4491
[30/Apr/2020 13:56:06] "GET /api/get_store_reviews_by_store_id/267181 HTTP/1.1" 200 9422
[30/Apr/2020 13:56:06] "OPTIONS /api/store_info/267181 HTTP/1.1" 200 0
[30/Apr/2020 13:56:06] "GET /api/store_info/267181 HTTP/1.1" 200 871
[30/Apr/2020 13:56:13] "OPTIONS /api/store_info/221 HTTP/1.1" 200 0
[30/Apr/2020 13:56:13] "GET /api/get_store_reviews_by_store_id/221 HTTP/1.1" 200 6393
[30/Apr/2020 13:56:14] "GET /api/store_info/221 HTTP/1.1" 200 1040
[30/Apr/2020 13:56:16] "GET /api/recommend_by_store_id/221 HTTP/1.1" 200 10905
[30/Apr/2020 13:56:26] "GET /api/recommend_by_store_id/267181 HTTP/1.1" 200 3655
[30/Apr/2020 13:56:49] "POST /api/token/verify/ HTTP/1.1" 200 227
[30/Apr/2020 13:56:49] "POST /api/recommend_by_current_location HTTP/1.1" 200 4491
[30/Apr/2020 13:56:50] "GET /api/user_based_cf HTTP/1.1" 200 11346
[30/Apr/2020 13:56:50] "POST /api/recommend_by_current_location HTTP/1.1" 200 2
[30/Apr/2020 13:56:50] "POST /api/recommend_by_current_location HTTP/1.1" 200 4491
/home/ubuntu/repos/s02p23d106/backend/api/views.py changed, reloading.
Validating models...

System check identified no issues (0 silenced).
April 30, 2020 - 13:03:11
Django version 2.2.7, using settings 'backend.settings'
Starting development server at https://0.0.0.0:8765/
Using SSL certificate: /etc/letsencrypt/live/django/cert.pem
Using SSL key: /etc/letsencrypt/live/django/privkey.pem
Quit the server with CONTROL-C.
zxcv
Watching for file changes with StatReloader
Not Found: /api/store_info
[30/Apr/2020 13:57:55] "GET /api/store_info?name=%E3%85%81%E3%84%B4%E3%85%87%E3%84%B9&page=1&append=false HTTP/1.1" 404 14222
Not Found: /api/store_info
[30/Apr/2020 13:57:57] "GET /api/store_info?name=%EB%A7%A4%EB%8B%88%EC%95%84&page=1&append=false HTTP/1.1" 404 14213
[30/Apr/2020 13:58:04] "POST /api/token/verify/ HTTP/1.1" 200 227
[30/Apr/2020 13:58:04] "POST /api/recommend_by_current_location HTTP/1.1" 200 4919
[30/Apr/2020 13:58:04] "POST /api/recommend_by_current_location HTTP/1.1" 200 2
[30/Apr/2020 13:58:04] "GET /api/user_based_cf HTTP/1.1" 200 11346
[30/Apr/2020 13:58:05] "POST /api/recommend_by_current_location HTTP/1.1" 200 4919
Not Found: /api/store_info
[30/Apr/2020 13:58:07] "GET /api/store_info?name=%EB%A7%A4%EB%8B%88%EC%95%84&page=1&append=false HTTP/1.1" 404 14213
Not Found: /api/store_info
[30/Apr/2020 13:58:08] "GET /api/store_info?name=%EB%A7%A4%EB%8B%88%EC%95%84&page=1&append=false HTTP/1.1" 404 14213
Not Found: /api/store_info
[30/Apr/2020 13:58:10] "GET /api/store_info?name=%EB%A7%A4%EB%8B%88%EC%95%84&page=1&append=false HTTP/1.1" 404 14213
Not Found: /api/store_info
[30/Apr/2020 13:59:38] "GET /api/store_info?name=%EB%A7%A4%EB%8B%88%EC%95%84&page=1&append=false HTTP/1.1" 404 14213
[30/Apr/2020 13:59:43] "POST /api/token/verify/ HTTP/1.1" 200 227
[30/Apr/2020 13:59:43] "POST /api/recommend_by_current_location HTTP/1.1" 200 4919
[30/Apr/2020 13:59:43] "GET /api/user_based_cf HTTP/1.1" 200 11346
[30/Apr/2020 13:59:43] "POST /api/recommend_by_current_location HTTP/1.1" 200 2
[30/Apr/2020 13:59:43] "POST /api/recommend_by_current_location HTTP/1.1" 200 4919
Not Found: /api/store_info
[30/Apr/2020 13:59:46] "GET /api/store_info?name=%EB%A7%A4%EB%8B%88%EC%95%84&page=1&append=false HTTP/1.1" 404 14213
Not Found: /api/store_info
[30/Apr/2020 13:59:48] "GET /api/store_info?name=%EB%A7%A4%EB%8B%88%EC%95%84&page=1&append=false HTTP/1.1" 404 14213
[30/Apr/2020 14:00:56] "OPTIONS /api/token/verify/ HTTP/1.1" 200 0
[30/Apr/2020 14:00:56] "POST /api/recommend_by_current_location HTTP/1.1" 200 4919
Bad Request: /api/token/verify/
[30/Apr/2020 14:00:56] "POST /api/token/verify/ HTTP/1.1" 400 44
[30/Apr/2020 14:00:57] "OPTIONS /api/user_based_cf HTTP/1.1" 200 0
Unauthorized: /api/user_based_cf
[30/Apr/2020 14:00:57] "GET /api/user_based_cf HTTP/1.1" 401 31
[30/Apr/2020 14:00:58] "OPTIONS /api/recommend_by_current_location HTTP/1.1" 200 0
[30/Apr/2020 14:00:58] "POST /api/recommend_by_current_location HTTP/1.1" 200 4919
[30/Apr/2020 14:00:59] "POST /api/recommend_by_current_location HTTP/1.1" 200 2
[30/Apr/2020 14:00:59] "POST /api/recommend_by_current_location HTTP/1.1" 200 4919
[30/Apr/2020 14:01:03] "GET /api/trend_by_tob HTTP/1.1" 200 52630
[30/Apr/2020 14:01:03] "GET /api/compare_with_chain HTTP/1.1" 200 527
[30/Apr/2020 14:01:03] "GET /api/district_by_age_time HTTP/1.1" 200 933
[30/Apr/2020 14:01:03] "GET /api/generation_consumption HTTP/1.1" 200 1500
[30/Apr/2020 14:01:32] "GET /api/trend_by_tob HTTP/1.1" 200 52630
[30/Apr/2020 14:01:32] "GET /api/compare_with_chain HTTP/1.1" 200 527
[30/Apr/2020 14:01:32] "GET /api/district_by_age_time HTTP/1.1" 200 933
[30/Apr/2020 14:01:32] "GET /api/generation_consumption HTTP/1.1" 200 1500
[30/Apr/2020 14:01:41] "GET /api/trend_by_tob HTTP/1.1" 200 52630
[30/Apr/2020 14:01:41] "GET /api/compare_with_chain HTTP/1.1" 200 527
[30/Apr/2020 14:01:41] "GET /api/district_by_age_time HTTP/1.1" 200 933
[30/Apr/2020 14:01:41] "GET /api/generation_consumption HTTP/1.1" 200 1500
[30/Apr/2020 14:01:47] "GET /api/trend_by_tob HTTP/1.1" 200 52630
[30/Apr/2020 14:01:48] "GET /api/compare_with_chain HTTP/1.1" 200 527
[30/Apr/2020 14:01:48] "GET /api/district_by_age_time HTTP/1.1" 200 933
[30/Apr/2020 14:01:48] "GET /api/generation_consumption HTTP/1.1" 200 1500
[30/Apr/2020 14:02:10] "POST /api/token/verify/ HTTP/1.1" 200 227
[30/Apr/2020 14:02:11] "POST /api/recommend_by_current_location HTTP/1.1" 200 4919
[30/Apr/2020 14:02:11] "OPTIONS /api/user_based_cf HTTP/1.1" 200 0
[30/Apr/2020 14:02:11] "POST /api/recommend_by_current_location HTTP/1.1" 200 2
[30/Apr/2020 14:02:11] "POST /api/recommend_by_current_location HTTP/1.1" 200 4919
[30/Apr/2020 14:02:11] "GET /api/user_based_cf HTTP/1.1" 200 11346
Not Found: /api/store_info
[30/Apr/2020 14:02:13] "GET /api/store_info?name=%EB%A7%A4%EB%8B%88%EC%95%84&page=1&append=false HTTP/1.1" 404 14213
[30/Apr/2020 14:02:14] "GET /api/trend_by_tob HTTP/1.1" 200 52630
[30/Apr/2020 14:02:15] "GET /api/compare_with_chain HTTP/1.1" 200 527
[30/Apr/2020 14:02:15] "GET /api/district_by_age_time HTTP/1.1" 200 933
[30/Apr/2020 14:02:15] "GET /api/generation_consumption HTTP/1.1" 200 1500
Not Found: /api/store_info
[30/Apr/2020 14:02:15] "GET /api/store_info?name=%EB%A7%A4%EB%8B%88%EC%95%84&page=1&append=false HTTP/1.1" 404 14213
[30/Apr/2020 14:02:33] "POST /api/recommend_by_current_location HTTP/1.1" 200 4919
[30/Apr/2020 14:02:33] "POST /api/recommend_by_current_location HTTP/1.1" 200 2
[30/Apr/2020 14:02:33] "POST /api/recommend_by_current_location HTTP/1.1" 200 4919
[30/Apr/2020 14:02:37] "GET /api/trend_by_tob HTTP/1.1" 200 52630
[30/Apr/2020 14:02:37] "GET /api/compare_with_chain HTTP/1.1" 200 527
[30/Apr/2020 14:02:38] "GET /api/district_by_age_time HTTP/1.1" 200 933
[30/Apr/2020 14:02:38] "GET /api/generation_consumption HTTP/1.1" 200 1500
[30/Apr/2020 14:02:42] "GET /api/trend_by_tob HTTP/1.1" 200 52630
[30/Apr/2020 14:02:42] "GET /api/compare_with_chain HTTP/1.1" 200 527
[30/Apr/2020 14:02:42] "GET /api/district_by_age_time HTTP/1.1" 200 933
[30/Apr/2020 14:02:42] "GET /api/generation_consumption HTTP/1.1" 200 1500
[30/Apr/2020 14:02:48] "GET /api/trend_by_tob HTTP/1.1" 200 52630
[30/Apr/2020 14:02:48] "GET /api/compare_with_chain HTTP/1.1" 200 527
[30/Apr/2020 14:02:48] "GET /api/district_by_age_time HTTP/1.1" 200 933
[30/Apr/2020 14:02:48] "GET /api/generation_consumption HTTP/1.1" 200 1500
[30/Apr/2020 14:02:56] "GET /api/trend_by_tob HTTP/1.1" 200 52630
[30/Apr/2020 14:02:56] "GET /api/compare_with_chain HTTP/1.1" 200 527
[30/Apr/2020 14:02:57] "GET /api/district_by_age_time HTTP/1.1" 200 933
[30/Apr/2020 14:02:57] "GET /api/generation_consumption HTTP/1.1" 200 1500
[30/Apr/2020 14:03:22] "GET /api/trend_by_tob HTTP/1.1" 200 52630
[30/Apr/2020 14:03:22] "GET /api/compare_with_chain HTTP/1.1" 200 527
[30/Apr/2020 14:03:22] "GET /api/district_by_age_time HTTP/1.1" 200 933
[30/Apr/2020 14:03:23] "GET /api/generation_consumption HTTP/1.1" 200 1500
[30/Apr/2020 14:03:48] "GET /api/trend_by_tob HTTP/1.1" 200 52630
[30/Apr/2020 14:03:49] "GET /api/compare_with_chain HTTP/1.1" 200 527
[30/Apr/2020 14:03:49] "GET /api/district_by_age_time HTTP/1.1" 200 933
[30/Apr/2020 14:03:49] "GET /api/generation_consumption HTTP/1.1" 200 1500
[30/Apr/2020 14:04:03] "GET /api/trend_by_tob HTTP/1.1" 200 52630
[30/Apr/2020 14:04:03] "GET /api/compare_with_chain HTTP/1.1" 200 527
[30/Apr/2020 14:04:03] "GET /api/district_by_age_time HTTP/1.1" 200 933
[30/Apr/2020 14:04:03] "GET /api/generation_consumption HTTP/1.1" 200 1500
[30/Apr/2020 14:04:26] "GET /api/get_store_reviews_by_store_id/118037 HTTP/1.1" 200 7251
[30/Apr/2020 14:04:26] "GET /api/store_info/118037 HTTP/1.1" 200 790
[30/Apr/2020 14:04:26] "GET /api/get_store_reviews_by_store_id/9887 HTTP/1.1" 200 2
[30/Apr/2020 14:04:26] "OPTIONS /api/store_info/9887 HTTP/1.1" 200 0
[30/Apr/2020 14:04:26] "GET /api/store_info/9887 HTTP/1.1" 200 393
[30/Apr/2020 14:04:35] "GET /api/recommend_by_store_id/118037 HTTP/1.1" 200 10411
[30/Apr/2020 14:04:36] "GET /api/recommend_by_store_id/9887 HTTP/1.1" 200 10691
[30/Apr/2020 14:04:40] "GET /api/trend_by_tob HTTP/1.1" 200 52630
[30/Apr/2020 14:04:40] "GET /api/compare_with_chain HTTP/1.1" 200 527
[30/Apr/2020 14:04:40] "GET /api/district_by_age_time HTTP/1.1" 200 933
[30/Apr/2020 14:04:40] "GET /api/generation_consumption HTTP/1.1" 200 1500
[30/Apr/2020 14:04:44] "GET /api/trend_by_tob HTTP/1.1" 200 52630
[30/Apr/2020 14:04:44] "GET /api/compare_with_chain HTTP/1.1" 200 527
[30/Apr/2020 14:04:44] "GET /api/district_by_age_time HTTP/1.1" 200 933
[30/Apr/2020 14:04:44] "GET /api/generation_consumption HTTP/1.1" 200 1500
[30/Apr/2020 14:04:55] "GET /api/trend_by_tob HTTP/1.1" 200 52630
[30/Apr/2020 14:04:55] "GET /api/compare_with_chain HTTP/1.1" 200 527
[30/Apr/2020 14:04:55] "GET /api/district_by_age_time HTTP/1.1" 200 933
[30/Apr/2020 14:04:55] "GET /api/generation_consumption HTTP/1.1" 200 1500
[30/Apr/2020 14:05:12] "GET /api/trend_by_tob HTTP/1.1" 200 52630
[30/Apr/2020 14:05:12] "GET /api/compare_with_chain HTTP/1.1" 200 527
[30/Apr/2020 14:05:12] "GET /api/district_by_age_time HTTP/1.1" 200 933
[30/Apr/2020 14:05:12] "GET /api/generation_consumption HTTP/1.1" 200 1500
[30/Apr/2020 14:05:27] "GET /api/trend_by_tob HTTP/1.1" 200 52630
[30/Apr/2020 14:05:28] "GET /api/compare_with_chain HTTP/1.1" 200 527
[30/Apr/2020 14:05:28] "GET /api/district_by_age_time HTTP/1.1" 200 933
[30/Apr/2020 14:05:28] "GET /api/generation_consumption HTTP/1.1" 200 1500
[30/Apr/2020 14:05:36] "GET /api/trend_by_tob HTTP/1.1" 200 52630
[30/Apr/2020 14:05:36] "GET /api/compare_with_chain HTTP/1.1" 200 527
[30/Apr/2020 14:05:36] "GET /api/district_by_age_time HTTP/1.1" 200 933
[30/Apr/2020 14:05:36] "GET /api/generation_consumption HTTP/1.1" 200 1500
[30/Apr/2020 14:06:01] "GET /api/trend_by_tob HTTP/1.1" 200 52630
[30/Apr/2020 14:06:01] "GET /api/compare_with_chain HTTP/1.1" 200 527
[30/Apr/2020 14:06:01] "GET /api/district_by_age_time HTTP/1.1" 200 933
[30/Apr/2020 14:06:01] "GET /api/generation_consumption HTTP/1.1" 200 1500
[30/Apr/2020 14:06:02] "POST /api/recommend_by_current_location HTTP/1.1" 200 4919
[30/Apr/2020 14:06:03] "POST /api/recommend_by_current_location HTTP/1.1" 200 2
[30/Apr/2020 14:06:03] "POST /api/recommend_by_current_location HTTP/1.1" 200 4919
[30/Apr/2020 14:06:05] "GET /api/stores?name=%EA%B0%80%EC%9E%90&page=1&append=false HTTP/1.1" 200 7814
[30/Apr/2020 14:06:09] "OPTIONS /api/store_info/4518 HTTP/1.1" 200 0
[30/Apr/2020 14:06:09] "GET /api/get_store_reviews_by_store_id/4518 HTTP/1.1" 200 2
[30/Apr/2020 14:06:09] "GET /api/store_info/4518 HTTP/1.1" 200 794
[30/Apr/2020 14:06:11] "GET /api/recommend_by_store_id/4518 HTTP/1.1" 200 2226
[30/Apr/2020 14:06:20] "GET /api/swagger/ HTTP/1.1" 200 2230
[30/Apr/2020 14:06:20] "GET /static/drf-yasg/style.css HTTP/1.1" 200 1047
[30/Apr/2020 14:06:20] "GET /static/drf-yasg/swagger-ui-dist/swagger-ui.css HTTP/1.1" 200 141820
[30/Apr/2020 14:06:21] "GET /static/drf-yasg/insQ.min.js HTTP/1.1" 200 2093
[30/Apr/2020 14:06:21] "GET /static/drf-yasg/immutable.min.js HTTP/1.1" 200 56904
[30/Apr/2020 14:06:21] "GET /static/drf-yasg/url-polyfill.min.js HTTP/1.1" 200 6092
[30/Apr/2020 14:06:21] "GET /static/drf-yasg/swagger-ui-dist/swagger-ui-standalone-preset.js HTTP/1.1" 200 295198
[30/Apr/2020 14:06:21] "GET /static/drf-yasg/swagger-ui-init.js HTTP/1.1" 200 14715
[30/Apr/2020 14:06:21] "GET /static/drf-yasg/swagger-ui-dist/swagger-ui-bundle.js HTTP/1.1" 200 957138
[30/Apr/2020 14:06:21] "GET /api/swagger/?format=openapi HTTP/1.1" 200 27259
[30/Apr/2020 14:06:22] "GET /api/swagger/?format=openapi HTTP/1.1" 200 27259
[30/Apr/2020 14:06:27] "GET /api/crawling_check HTTP/1.1" 200 229
[30/Apr/2020 14:06:44] "GET /api/crawling_start HTTP/1.1" 200 2
